Using pre-set license
Built from '2021.2/staging' branch; Version is '2021.2.8f1 (d0e5f0a7b06a) revision 13690352'; Using compiler version '192829333'; Build Type 'Release'
OS: 'Windows 11  (10.0.22000) 64bit Core' Language: 'en' Physical Memory: 16198 MB
BatchMode: 1, IsHumanControllingUs: 0, StartBugReporterOnCrash: 0, Is64bit: 1, IsPro: 0

COMMAND LINE ARGUMENTS:
C:\Program Files\Unity\Hub\Editor\2021.2.8f1\Editor\Unity.exe
-adb2
-batchMode
-noUpm
-name
AssetImportWorker13
-projectPath
C:/Users/Bianca Palileo/Desktop/GE2Assignment
-logFile
Logs/AssetImportWorker13.log
-srvPort
58272
Successfully changed project path to: C:/Users/Bianca Palileo/Desktop/GE2Assignment
C:/Users/Bianca Palileo/Desktop/GE2Assignment
[UnityMemory] Configuration Parameters - Can be set up in boot.config
    "memorysetup-bucket-allocator-granularity=16"
    "memorysetup-bucket-allocator-bucket-count=8"
    "memorysetup-bucket-allocator-block-size=33554432"
    "memorysetup-bucket-allocator-block-count=8"
    "memorysetup-main-allocator-block-size=16777216"
    "memorysetup-thread-allocator-block-size=16777216"
    "memorysetup-gfx-main-allocator-block-size=16777216"
    "memorysetup-gfx-thread-allocator-block-size=16777216"
    "memorysetup-cache-allocator-block-size=4194304"
    "memorysetup-typetree-allocator-block-size=2097152"
    "memorysetup-profiler-bucket-allocator-granularity=16"
    "memorysetup-profiler-bucket-allocator-bucket-count=8"
    "memorysetup-profiler-bucket-allocator-block-size=33554432"
    "memorysetup-profiler-bucket-allocator-block-count=8"
    "memorysetup-profiler-allocator-block-size=16777216"
    "memorysetup-profiler-editor-allocator-block-size=1048576"
    "memorysetup-temp-allocator-size-main=16777216"
    "memorysetup-job-temp-allocator-block-size=2097152"
    "memorysetup-job-temp-allocator-block-size-background=1048576"
    "memorysetup-job-temp-allocator-reduction-small-platforms=262144"
    "memorysetup-temp-allocator-size-background-worker=32768"
    "memorysetup-temp-allocator-size-job-worker=262144"
    "memorysetup-temp-allocator-size-preload-manager=33554432"
    "memorysetup-temp-allocator-size-nav-mesh-worker=65536"
    "memorysetup-temp-allocator-size-audio-worker=65536"
    "memorysetup-temp-allocator-size-cloud-worker=32768"
    "memorysetup-temp-allocator-size-gi-baking-worker=262144"
    "memorysetup-temp-allocator-size-gfx=262144"
Refreshing native plugins compatible for Editor in 29.35 ms, found 2 plugins.
Preloading 0 native plugins for Editor in 0.00 ms.
Initialize engine version: 2021.2.8f1 (d0e5f0a7b06a)
[Subsystems] Discovering subsystems at path C:/Program Files/Unity/Hub/Editor/2021.2.8f1/Editor/Data/Resources/UnitySubsystems
[Subsystems] Discovering subsystems at path C:/Users/Bianca Palileo/Desktop/GE2Assignment/Assets
GfxDevice: creating device client; threaded=0; jobified=0
Direct3D:
    Version:  Direct3D 11.0 [level 11.1]
    Renderer: NVIDIA GeForce RTX 2070 (ID=0x1f14)
    Vendor:   NVIDIA
    VRAM:     8031 MB
    Driver:   30.0.15.1165
Initialize mono
Mono path[0] = 'C:/Program Files/Unity/Hub/Editor/2021.2.8f1/Editor/Data/Managed'
Mono path[1] = 'C:/Program Files/Unity/Hub/Editor/2021.2.8f1/Editor/Data/MonoBleedingEdge/lib/mono/unityjit-win32'
Mono config path = 'C:/Program Files/Unity/Hub/Editor/2021.2.8f1/Editor/Data/MonoBleedingEdge/etc'
Using monoOptions --debugger-agent=transport=dt_socket,embedding=1,server=y,suspend=n,address=127.0.0.1:56044
Begin MonoManager ReloadAssembly
Registering precompiled unity dll's ...
Register platform support module: C:/Program Files/Unity/Hub/Editor/2021.2.8f1/Editor/Data/PlaybackEngines/WindowsStandaloneSupport/UnityEditor.WindowsStandalone.Extensions.dll
Registered in 0.003506 seconds.
Native extension for WindowsStandalone target not found
Refreshing native plugins compatible for Editor in 21.95 ms, found 2 plugins.
Preloading 0 native plugins for Editor in 0.00 ms.
Mono: successfully reloaded assembly
- Completed reload, in  0.476 seconds
Domain Reload Profiling:
	ReloadAssembly (476ms)
		BeginReloadAssembly (59ms)
			ExecutionOrderSort (0ms)
			DisableScriptedObjects (0ms)
			BackupInstance (0ms)
			ReleaseScriptingObjects (0ms)
			CreateAndSetChildDomain (1ms)
		EndReloadAssembly (352ms)
			LoadAssemblies (57ms)
			RebuildTransferFunctionScriptingTraits (0ms)
			SetupTypeCache (89ms)
			ReleaseScriptCaches (0ms)
			RebuildScriptCaches (23ms)
			SetupLoadedEditorAssemblies (198ms)
				LogAssemblyErrors (0ms)
				InitializePlatformSupportModulesInManaged (13ms)
				SetLoadedEditorAssemblies (0ms)
				RefreshPlugins (22ms)
				BeforeProcessingInitializeOnLoad (1ms)
				ProcessInitializeOnLoadAttributes (122ms)
				ProcessInitializeOnLoadMethodAttributes (40ms)
				AfterProcessingInitializeOnLoad (0ms)
				EditorAssembliesLoaded (0ms)
			ExecutionOrderSort2 (0ms)
			AwakeInstancesAfterBackupRestoration (0ms)
Platform modules already initialized, skipping
Registering precompiled user dll's ...
Registered in 0.002698 seconds.
Begin MonoManager ReloadAssembly
Native extension for WindowsStandalone target not found
Refreshing native plugins compatible for Editor in 0.27 ms, found 2 plugins.
Preloading 0 native plugins for Editor in 0.00 ms.
Mono: successfully reloaded assembly
- Completed reload, in  0.689 seconds
Domain Reload Profiling:
	ReloadAssembly (690ms)
		BeginReloadAssembly (89ms)
			ExecutionOrderSort (0ms)
			DisableScriptedObjects (4ms)
			BackupInstance (0ms)
			ReleaseScriptingObjects (0ms)
			CreateAndSetChildDomain (17ms)
		EndReloadAssembly (519ms)
			LoadAssemblies (53ms)
			RebuildTransferFunctionScriptingTraits (0ms)
			SetupTypeCache (147ms)
			ReleaseScriptCaches (0ms)
			RebuildScriptCaches (38ms)
			SetupLoadedEditorAssemblies (240ms)
				LogAssemblyErrors (0ms)
				InitializePlatformSupportModulesInManaged (11ms)
				SetLoadedEditorAssemblies (0ms)
				RefreshPlugins (0ms)
				BeforeProcessingInitializeOnLoad (37ms)
				ProcessInitializeOnLoadAttributes (168ms)
				ProcessInitializeOnLoadMethodAttributes (19ms)
				AfterProcessingInitializeOnLoad (5ms)
				EditorAssembliesLoaded (0ms)
			ExecutionOrderSort2 (0ms)
			AwakeInstancesAfterBackupRestoration (4ms)
Platform modules already initialized, skipping
========================================================================
Worker process is ready to serve import requests
Launched and connected shader compiler UnityShaderCompiler.exe after 0.07 seconds
Refreshing native plugins compatible for Editor in 0.29 ms, found 2 plugins.
Preloading 0 native plugins for Editor in 0.00 ms.
Unloading 1525 Unused Serialized files (Serialized files now loaded: 0)
Unloading 19 unused Assets / (48.4 KB). Loaded Objects now: 2007.
Memory consumption went from 80.9 MB to 80.8 MB.
Total: 2.566200 ms (FindLiveObjects: 0.138100 ms CreateObjectMapping: 0.259600 ms MarkObjects: 2.089600 ms  DeleteObjects: 0.078000 ms)

AssetImportParameters requested are different than current active one (requested -> active):
  custom:video-decoder-ogg-theora: a1e56fd34408186e4bbccfd4996cb3dc -> 
  custom:container-muxer-webm: aa71ff27fc2769a1b78a27578f13a17b -> 
  custom:container-demuxer-webm: 4f35f7cbe854078d1ac9338744f61a02 -> 
  custom:video-encoder-webm-vp8: eb34c28f22e8b96e1ab97ce403110664 -> 
  custom:audio-encoder-webm-vorbis: bf7c407c2cedff20999df2af8eb42d56 -> 
  custom:framework-win-MediaFoundation: 216162199b28c13a410421893ffa2e32 -> 
  custom:container-demuxer-ogg: 62fdf1f143b41e24485cea50d1cbac27 -> 
  custom:video-decoder-webm-vp8: 9c59270c3fd7afecdb556c50c9e8de78 -> 
  custom:audio-decoder-ogg-vorbis: bf7c407c2cedff20999df2af8eb42d56 -> 
========================================================================
Received Import Request.
  Time since last request: 1397770.066162 seconds.
  path: Assets/Models/Hulk/Hulk_Texture.mat
  artifactKey: Guid(3051f0064a729d4468682d36faf33d84) Importer(815301076,1909f56bfc062723c751e8b465ee728b)
Start importing Assets/Models/Hulk/Hulk_Texture.mat using Guid(3051f0064a729d4468682d36faf33d84) Importer(815301076,1909f56bfc062723c751e8b465ee728b)  -> (artifact id: '63cfcea845c865753c0a8672d04f4518') in 0.138569 seconds 
========================================================================
Received Import Request.
  Time since last request: 22.809343 seconds.
  path: Assets/Models/CaptainMarvel/CapMarvel_Movie_Emiss.png
  artifactKey: Guid(0343585039dfcb147926062683f0f6bd) Importer(815301076,1909f56bfc062723c751e8b465ee728b)
Start importing Assets/Models/CaptainMarvel/CapMarvel_Movie_Emiss.png using Guid(0343585039dfcb147926062683f0f6bd) Importer(815301076,1909f56bfc062723c751e8b465ee728b)  -> (artifact id: '5be0ed2d40081f2310ee21ab7e82871c') in 0.051836 seconds 
========================================================================
Received Import Request.
  Time since last request: 0.000029 seconds.
  path: Assets/Models/CaptainMarvel/CapMarvel_Movie_Norm.png
  artifactKey: Guid(93ac443fd685c9f4fbaf7bfa605686e5) Importer(815301076,1909f56bfc062723c751e8b465ee728b)
Start importing Assets/Models/CaptainMarvel/CapMarvel_Movie_Norm.png using Guid(93ac443fd685c9f4fbaf7bfa605686e5) Importer(815301076,1909f56bfc062723c751e8b465ee728b)  -> (artifact id: '59f76a4fe5a9d06ec3be50cfa7a8f8fd') in 0.015838 seconds 
========================================================================
Received Import Request.
  Time since last request: 28.948975 seconds.
  path: Assets/Models/CaptainMarvel/Model001_40_Material25_1_0_0Mat.mat
  artifactKey: Guid(7fe9ef84af74c684bb340205529b94ef) Importer(815301076,1909f56bfc062723c751e8b465ee728b)
Start importing Assets/Models/CaptainMarvel/Model001_40_Material25_1_0_0Mat.mat using Guid(7fe9ef84af74c684bb340205529b94ef) Importer(815301076,1909f56bfc062723c751e8b465ee728b)  -> (artifact id: '34c851109171b3a9450191afe8156c43') in 0.039563 seconds 
========================================================================
Received Import Request.
  Time since last request: 0.000018 seconds.
  path: Assets/Models/CaptainMarvel/Model001_40_Material27_1_0_0Mat.mat
  artifactKey: Guid(f14fbaf8d0613e846b000dd69198aaac) Importer(815301076,1909f56bfc062723c751e8b465ee728b)
Start importing Assets/Models/CaptainMarvel/Model001_40_Material27_1_0_0Mat.mat using Guid(f14fbaf8d0613e846b000dd69198aaac) Importer(815301076,1909f56bfc062723c751e8b465ee728b)  -> (artifact id: '5609e3eb86d1af8faeb74e3dc4cf3e72') in 0.022274 seconds 
========================================================================
Received Import Request.
  Time since last request: 0.000023 seconds.
  path: Assets/Models/CaptainMarvel/Model001_40_Material29_1_0_0Mat.mat
  artifactKey: Guid(c5422d976fc5b874398d493bcb19fefc) Importer(815301076,1909f56bfc062723c751e8b465ee728b)
Start importing Assets/Models/CaptainMarvel/Model001_40_Material29_1_0_0Mat.mat using Guid(c5422d976fc5b874398d493bcb19fefc) Importer(815301076,1909f56bfc062723c751e8b465ee728b)  -> (artifact id: '04de586d15509f2cbc23f3a29ebd75c2') in 0.026699 seconds 
========================================================================
Received Import Request.
  Time since last request: 0.000017 seconds.
  path: Assets/Models/CaptainMarvel/Model001_40_Material28_1_0_0Mat.mat
  artifactKey: Guid(e74603b183c0e0f49a4817a0562882aa) Importer(815301076,1909f56bfc062723c751e8b465ee728b)
Start importing Assets/Models/CaptainMarvel/Model001_40_Material28_1_0_0Mat.mat using Guid(e74603b183c0e0f49a4817a0562882aa) Importer(815301076,1909f56bfc062723c751e8b465ee728b)  -> (artifact id: 'c7e404c0c4eba379cc5855b2e1f4fab8') in 0.031831 seconds 
Editor requested this worker to shutdown with reason: Scaling down because of idle timeout
AssetImportWorker is now disconnected from the server
Process exiting
Exiting without the bug reporter. Application will terminate with return code 0