Using pre-set license
Built from '2021.2/staging' branch; Version is '2021.2.8f1 (d0e5f0a7b06a) revision 13690352'; Using compiler version '192829333'; Build Type 'Release'
OS: 'Windows 11  (10.0.22000) 64bit Core' Language: 'en' Physical Memory: 16198 MB
BatchMode: 1, IsHumanControllingUs: 0, StartBugReporterOnCrash: 0, Is64bit: 1, IsPro: 0

COMMAND LINE ARGUMENTS:
C:\Program Files\Unity\Hub\Editor\2021.2.8f1\Editor\Unity.exe
-adb2
-batchMode
-noUpm
-name
AssetImportWorker15
-projectPath
C:/Users/Bianca Palileo/Desktop/GE2Assignment
-logFile
Logs/AssetImportWorker15.log
-srvPort
58272
Successfully changed project path to: C:/Users/Bianca Palileo/Desktop/GE2Assignment
C:/Users/Bianca Palileo/Desktop/GE2Assignment
[UnityMemory] Configuration Parameters - Can be set up in boot.config
    "memorysetup-bucket-allocator-granularity=16"
    "memorysetup-bucket-allocator-bucket-count=8"
    "memorysetup-bucket-allocator-block-size=33554432"
    "memorysetup-bucket-allocator-block-count=8"
    "memorysetup-main-allocator-block-size=16777216"
    "memorysetup-thread-allocator-block-size=16777216"
    "memorysetup-gfx-main-allocator-block-size=16777216"
    "memorysetup-gfx-thread-allocator-block-size=16777216"
    "memorysetup-cache-allocator-block-size=4194304"
    "memorysetup-typetree-allocator-block-size=2097152"
    "memorysetup-profiler-bucket-allocator-granularity=16"
    "memorysetup-profiler-bucket-allocator-bucket-count=8"
    "memorysetup-profiler-bucket-allocator-block-size=33554432"
    "memorysetup-profiler-bucket-allocator-block-count=8"
    "memorysetup-profiler-allocator-block-size=16777216"
    "memorysetup-profiler-editor-allocator-block-size=1048576"
    "memorysetup-temp-allocator-size-main=16777216"
    "memorysetup-job-temp-allocator-block-size=2097152"
    "memorysetup-job-temp-allocator-block-size-background=1048576"
    "memorysetup-job-temp-allocator-reduction-small-platforms=262144"
    "memorysetup-temp-allocator-size-background-worker=32768"
    "memorysetup-temp-allocator-size-job-worker=262144"
    "memorysetup-temp-allocator-size-preload-manager=33554432"
    "memorysetup-temp-allocator-size-nav-mesh-worker=65536"
    "memorysetup-temp-allocator-size-audio-worker=65536"
    "memorysetup-temp-allocator-size-cloud-worker=32768"
    "memorysetup-temp-allocator-size-gi-baking-worker=262144"
    "memorysetup-temp-allocator-size-gfx=262144"
Refreshing native plugins compatible for Editor in 23.84 ms, found 2 plugins.
Preloading 0 native plugins for Editor in 0.00 ms.
Initialize engine version: 2021.2.8f1 (d0e5f0a7b06a)
[Subsystems] Discovering subsystems at path C:/Program Files/Unity/Hub/Editor/2021.2.8f1/Editor/Data/Resources/UnitySubsystems
[Subsystems] Discovering subsystems at path C:/Users/Bianca Palileo/Desktop/GE2Assignment/Assets
GfxDevice: creating device client; threaded=0; jobified=0
Direct3D:
    Version:  Direct3D 11.0 [level 11.1]
    Renderer: NVIDIA GeForce RTX 2070 (ID=0x1f14)
    Vendor:   NVIDIA
    VRAM:     8031 MB
    Driver:   30.0.15.1165
Initialize mono
Mono path[0] = 'C:/Program Files/Unity/Hub/Editor/2021.2.8f1/Editor/Data/Managed'
Mono path[1] = 'C:/Program Files/Unity/Hub/Editor/2021.2.8f1/Editor/Data/MonoBleedingEdge/lib/mono/unityjit-win32'
Mono config path = 'C:/Program Files/Unity/Hub/Editor/2021.2.8f1/Editor/Data/MonoBleedingEdge/etc'
Using monoOptions --debugger-agent=transport=dt_socket,embedding=1,server=y,suspend=n,address=127.0.0.1:56880
Begin MonoManager ReloadAssembly
Registering precompiled unity dll's ...
Register platform support module: C:/Program Files/Unity/Hub/Editor/2021.2.8f1/Editor/Data/PlaybackEngines/WindowsStandaloneSupport/UnityEditor.WindowsStandalone.Extensions.dll
Registered in 0.003805 seconds.
Native extension for WindowsStandalone target not found
Refreshing native plugins compatible for Editor in 21.33 ms, found 2 plugins.
Preloading 0 native plugins for Editor in 0.00 ms.
Mono: successfully reloaded assembly
- Completed reload, in  0.478 seconds
Domain Reload Profiling:
	ReloadAssembly (479ms)
		BeginReloadAssembly (64ms)
			ExecutionOrderSort (0ms)
			DisableScriptedObjects (0ms)
			BackupInstance (0ms)
			ReleaseScriptingObjects (0ms)
			CreateAndSetChildDomain (1ms)
		EndReloadAssembly (349ms)
			LoadAssemblies (63ms)
			RebuildTransferFunctionScriptingTraits (0ms)
			SetupTypeCache (89ms)
			ReleaseScriptCaches (0ms)
			RebuildScriptCaches (23ms)
			SetupLoadedEditorAssemblies (194ms)
				LogAssemblyErrors (0ms)
				InitializePlatformSupportModulesInManaged (15ms)
				SetLoadedEditorAssemblies (0ms)
				RefreshPlugins (21ms)
				BeforeProcessingInitializeOnLoad (1ms)
				ProcessInitializeOnLoadAttributes (119ms)
				ProcessInitializeOnLoadMethodAttributes (37ms)
				AfterProcessingInitializeOnLoad (0ms)
				EditorAssembliesLoaded (0ms)
			ExecutionOrderSort2 (0ms)
			AwakeInstancesAfterBackupRestoration (0ms)
Platform modules already initialized, skipping
Registering precompiled user dll's ...
Registered in 0.002805 seconds.
Begin MonoManager ReloadAssembly
Native extension for WindowsStandalone target not found
Refreshing native plugins compatible for Editor in 0.34 ms, found 2 plugins.
Preloading 0 native plugins for Editor in 0.00 ms.
Mono: successfully reloaded assembly
- Completed reload, in  0.701 seconds
Domain Reload Profiling:
	ReloadAssembly (702ms)
		BeginReloadAssembly (88ms)
			ExecutionOrderSort (0ms)
			DisableScriptedObjects (5ms)
			BackupInstance (0ms)
			ReleaseScriptingObjects (0ms)
			CreateAndSetChildDomain (18ms)
		EndReloadAssembly (537ms)
			LoadAssemblies (50ms)
			RebuildTransferFunctionScriptingTraits (0ms)
			SetupTypeCache (156ms)
			ReleaseScriptCaches (0ms)
			RebuildScriptCaches (38ms)
			SetupLoadedEditorAssemblies (252ms)
				LogAssemblyErrors (0ms)
				InitializePlatformSupportModulesInManaged (10ms)
				SetLoadedEditorAssemblies (0ms)
				RefreshPlugins (0ms)
				BeforeProcessingInitializeOnLoad (43ms)
				ProcessInitializeOnLoadAttributes (175ms)
				ProcessInitializeOnLoadMethodAttributes (18ms)
				AfterProcessingInitializeOnLoad (5ms)
				EditorAssembliesLoaded (0ms)
			ExecutionOrderSort2 (0ms)
			AwakeInstancesAfterBackupRestoration (4ms)
Platform modules already initialized, skipping
========================================================================
Worker process is ready to serve import requests
Launched and connected shader compiler UnityShaderCompiler.exe after 0.06 seconds
Refreshing native plugins compatible for Editor in 0.28 ms, found 2 plugins.
Preloading 0 native plugins for Editor in 0.00 ms.
Unloading 1525 Unused Serialized files (Serialized files now loaded: 0)
Unloading 19 unused Assets / (48.4 KB). Loaded Objects now: 2007.
Memory consumption went from 80.9 MB to 80.8 MB.
Total: 2.563000 ms (FindLiveObjects: 0.139700 ms CreateObjectMapping: 0.060300 ms MarkObjects: 2.283400 ms  DeleteObjects: 0.078600 ms)

AssetImportParameters requested are different than current active one (requested -> active):
  custom:video-decoder-ogg-theora: a1e56fd34408186e4bbccfd4996cb3dc -> 
  custom:container-muxer-webm: aa71ff27fc2769a1b78a27578f13a17b -> 
  custom:container-demuxer-webm: 4f35f7cbe854078d1ac9338744f61a02 -> 
  custom:video-encoder-webm-vp8: eb34c28f22e8b96e1ab97ce403110664 -> 
  custom:audio-encoder-webm-vorbis: bf7c407c2cedff20999df2af8eb42d56 -> 
  custom:framework-win-MediaFoundation: 216162199b28c13a410421893ffa2e32 -> 
  custom:container-demuxer-ogg: 62fdf1f143b41e24485cea50d1cbac27 -> 
  custom:video-decoder-webm-vp8: 9c59270c3fd7afecdb556c50c9e8de78 -> 
  custom:audio-decoder-ogg-vorbis: bf7c407c2cedff20999df2af8eb42d56 -> 
========================================================================
Received Import Request.
  Time since last request: 1398182.122140 seconds.
  path: Assets/Models/Sketchfab_2021_09_01_10_39_06.fbx
  artifactKey: Guid(1323e4dd9e66b2942a90a83cdbe3cc90) Importer(815301076,1909f56bfc062723c751e8b465ee728b)
Start importing Assets/Models/Sketchfab_2021_09_01_10_39_06.fbx using Guid(1323e4dd9e66b2942a90a83cdbe3cc90) Importer(815301076,1909f56bfc062723c751e8b465ee728b)  -> (artifact id: '10fa2cd93e6a3f1ccddf847401fd6c48') in 0.213131 seconds 
========================================================================
Received Import Request.
  Time since last request: 17.106351 seconds.
  path: Assets/Models/Thanos
  artifactKey: Guid(b1c98a1498279084a8cf096948ee86fb) Importer(815301076,1909f56bfc062723c751e8b465ee728b)
Start importing Assets/Models/Thanos using Guid(b1c98a1498279084a8cf096948ee86fb) Importer(815301076,1909f56bfc062723c751e8b465ee728b)  -> (artifact id: '12486f6fb69c937f1f9e5b324e860686') in 0.007368 seconds 
========================================================================
Received Import Request.
  Time since last request: 8.546177 seconds.
  path: Assets/Models/Thanos/T_M_LRG_Jim_Body_d_tga.png
  artifactKey: Guid(29907fdd662db4f4891fa6d62986d95b) Importer(815301076,1909f56bfc062723c751e8b465ee728b)
Start importing Assets/Models/Thanos/T_M_LRG_Jim_Body_d_tga.png using Guid(29907fdd662db4f4891fa6d62986d95b) Importer(815301076,1909f56bfc062723c751e8b465ee728b)  -> (artifact id: '8a5c49909058362c2e9ca236f985507c') in 0.033023 seconds 
========================================================================
Received Import Request.
  Time since last request: 0.000019 seconds.
  path: Assets/Models/Thanos/T_M_LRG_Jim_Head_s@channels=G.png
  artifactKey: Guid(aeb581eb57c113c469c8b3b6c4a6217b) Importer(815301076,1909f56bfc062723c751e8b465ee728b)
Start importing Assets/Models/Thanos/T_M_LRG_Jim_Head_s@channels=G.png using Guid(aeb581eb57c113c469c8b3b6c4a6217b) Importer(815301076,1909f56bfc062723c751e8b465ee728b)  -> (artifact id: '9234d3eb91b387b07a96663d55b2a37f') in 0.029523 seconds 
========================================================================
Received Import Request.
  Time since last request: 0.000048 seconds.
  path: Assets/Models/Thanos/T_M_LRG_JIM_Gauntlet_D.png
  artifactKey: Guid(9f240459249ca2a44a0da2c63fe744eb) Importer(815301076,1909f56bfc062723c751e8b465ee728b)
Start importing Assets/Models/Thanos/T_M_LRG_JIM_Gauntlet_D.png using Guid(9f240459249ca2a44a0da2c63fe744eb) Importer(815301076,1909f56bfc062723c751e8b465ee728b)  -> (artifact id: 'ec8550a4150f6b27158efa0ed4a6fa7b') in 0.017317 seconds 
========================================================================
Received Import Request.
  Time since last request: 0.000081 seconds.
  path: Assets/Models/Thanos/T_M_LRG_Jim_Helmet_s@channels=G.png
  artifactKey: Guid(eab8d931b32c0004a8c16904e5245c36) Importer(815301076,1909f56bfc062723c751e8b465ee728b)
Start importing Assets/Models/Thanos/T_M_LRG_Jim_Helmet_s@channels=G.png using Guid(eab8d931b32c0004a8c16904e5245c36) Importer(815301076,1909f56bfc062723c751e8b465ee728b)  -> (artifact id: 'fb2c2e459df745a1a8d53054a86a53ca') in 0.021340 seconds 
========================================================================
Received Import Request.
  Time since last request: 0.000016 seconds.
  path: Assets/Models/Thanos/T_M_LRG_JIM_Gauntlet_S@channels=G.png
  artifactKey: Guid(58469ecefd405284f8d0f4095186ce07) Importer(815301076,1909f56bfc062723c751e8b465ee728b)
Start importing Assets/Models/Thanos/T_M_LRG_JIM_Gauntlet_S@channels=G.png using Guid(58469ecefd405284f8d0f4095186ce07) Importer(815301076,1909f56bfc062723c751e8b465ee728b)  -> (artifact id: '6b1468ebd569ddd95e30cb2a07e5dddc') in 0.019865 seconds 
========================================================================
Received Import Request.
  Time since last request: 0.000028 seconds.
  path: Assets/Models/Thanos/T_M_LRG_Jim_Body_n.png
  artifactKey: Guid(6691b23c698f76643888f574d2a53638) Importer(815301076,1909f56bfc062723c751e8b465ee728b)
Start importing Assets/Models/Thanos/T_M_LRG_Jim_Body_n.png using Guid(6691b23c698f76643888f574d2a53638) Importer(815301076,1909f56bfc062723c751e8b465ee728b)  -> (artifact id: '48cc26a4f83cef453c6eae9d3cf17189') in 0.021348 seconds 
========================================================================
Received Import Request.
  Time since last request: 0.000021 seconds.
  path: Assets/Models/Thanos/T_M_LRG_JIM_Gauntlet_N.png
  artifactKey: Guid(868f773a030e3c6469889426808f6e1a) Importer(815301076,1909f56bfc062723c751e8b465ee728b)
Start importing Assets/Models/Thanos/T_M_LRG_JIM_Gauntlet_N.png using Guid(868f773a030e3c6469889426808f6e1a) Importer(815301076,1909f56bfc062723c751e8b465ee728b)  -> (artifact id: '28cf37d4bc7a9c7f71a005ee21894368') in 0.019375 seconds 
========================================================================
Received Import Request.
  Time since last request: 0.000020 seconds.
  path: Assets/Models/Thanos/T_M_LRG_Jim_Helmet_m.png
  artifactKey: Guid(1fdae3cba9d38e54c978db890bf50542) Importer(815301076,1909f56bfc062723c751e8b465ee728b)
Start importing Assets/Models/Thanos/T_M_LRG_Jim_Helmet_m.png using Guid(1fdae3cba9d38e54c978db890bf50542) Importer(815301076,1909f56bfc062723c751e8b465ee728b)  -> (artifact id: 'b827a64bd55570b40b03f8f1619d12b0') in 0.018792 seconds 
========================================================================
Received Import Request.
  Time since last request: 0.000019 seconds.
  path: Assets/Models/Thanos/T_M_LRG_Jim_Head_s@channels=B.png
  artifactKey: Guid(6d82ae518ae7f7d40945b5a9b2d079f7) Importer(815301076,1909f56bfc062723c751e8b465ee728b)
Start importing Assets/Models/Thanos/T_M_LRG_Jim_Head_s@channels=B.png using Guid(6d82ae518ae7f7d40945b5a9b2d079f7) Importer(815301076,1909f56bfc062723c751e8b465ee728b)  -> (artifact id: '264d9d9d31eb5f744791ed4522f0ff3d') in 0.019888 seconds 
========================================================================
Received Import Request.
  Time since last request: 0.000025 seconds.
  path: Assets/Models/Thanos/T_M_LRG_Jim_Helmet_n.png
  artifactKey: Guid(e55277c052e0d78478a7e9406b2f4721) Importer(815301076,1909f56bfc062723c751e8b465ee728b)
Start importing Assets/Models/Thanos/T_M_LRG_Jim_Helmet_n.png using Guid(e55277c052e0d78478a7e9406b2f4721) Importer(815301076,1909f56bfc062723c751e8b465ee728b)  -> (artifact id: '2b43983fea1cbbc8c3a63827690c2239') in 0.015630 seconds 
========================================================================
Received Import Request.
  Time since last request: 93.277511 seconds.
  path: Assets/Models/Thanos/Sketchfab_2021_09_01_10_39_06.fbx
  artifactKey: Guid(1323e4dd9e66b2942a90a83cdbe3cc90) Importer(815301076,1909f56bfc062723c751e8b465ee728b)
Start importing Assets/Models/Thanos/Sketchfab_2021_09_01_10_39_06.fbx using Guid(1323e4dd9e66b2942a90a83cdbe3cc90) Importer(815301076,1909f56bfc062723c751e8b465ee728b)  -> (artifact id: '4cc660ad249dc4416e64118dd4e16455') in 0.071966 seconds 
========================================================================
Received Import Request.
  Time since last request: 0.000068 seconds.
  path: Assets/Models/Thanos/Material.003.mat
  artifactKey: Guid(b9678a6884b793444b11f4b7883ef5d8) Importer(815301076,1909f56bfc062723c751e8b465ee728b)
Start importing Assets/Models/Thanos/Material.003.mat using Guid(b9678a6884b793444b11f4b7883ef5d8) Importer(815301076,1909f56bfc062723c751e8b465ee728b)  -> (artifact id: 'be28ba6561597caefff91af6ebf257ed') in 0.035298 seconds 
========================================================================
Received Import Request.
  Time since last request: 0.000046 seconds.
  path: Assets/Models/Thanos/Material.002.mat
  artifactKey: Guid(80c104ca71269024e8b10ac6befaaeef) Importer(815301076,1909f56bfc062723c751e8b465ee728b)
Start importing Assets/Models/Thanos/Material.002.mat using Guid(80c104ca71269024e8b10ac6befaaeef) Importer(815301076,1909f56bfc062723c751e8b465ee728b)  -> (artifact id: '471883be55deee4d0049985aa79d0a4e') in 0.017243 seconds 
========================================================================
Received Import Request.
  Time since last request: 0.000028 seconds.
  path: Assets/Models/Thanos/Material.004.mat
  artifactKey: Guid(df87a843e181849418dcd390b0acecf9) Importer(815301076,1909f56bfc062723c751e8b465ee728b)
Start importing Assets/Models/Thanos/Material.004.mat using Guid(df87a843e181849418dcd390b0acecf9) Importer(815301076,1909f56bfc062723c751e8b465ee728b)  -> (artifact id: '8489af46ee35e54571490fb847520bc4') in 0.014652 seconds 
========================================================================
Received Import Request.
  Time since last request: 31.997371 seconds.
  path: Assets/Models/Thanos/Sketchfab_2021_09_01_10_39_06.fbx
  artifactKey: Guid(1323e4dd9e66b2942a90a83cdbe3cc90) Importer(815301076,1909f56bfc062723c751e8b465ee728b)
Start importing Assets/Models/Thanos/Sketchfab_2021_09_01_10_39_06.fbx using Guid(1323e4dd9e66b2942a90a83cdbe3cc90) Importer(815301076,1909f56bfc062723c751e8b465ee728b)  -> (artifact id: '75681e10e584d875d952d3f4a43bf852') in 0.025088 seconds 
========================================================================
Received Import Request.
  Time since last request: 39.916862 seconds.
  path: Assets/Models/Thanos/Sketchfab_2021_09_01_10_39_06.fbx
  artifactKey: Guid(1323e4dd9e66b2942a90a83cdbe3cc90) Importer(815301076,1909f56bfc062723c751e8b465ee728b)
Start importing Assets/Models/Thanos/Sketchfab_2021_09_01_10_39_06.fbx using Guid(1323e4dd9e66b2942a90a83cdbe3cc90) Importer(815301076,1909f56bfc062723c751e8b465ee728b)  -> (artifact id: 'd6f392e350939f52682f93ea0f200e35') in 0.023871 seconds 
========================================================================
Received Import Request.
  Time since last request: 14.311971 seconds.
  path: Assets/Models/Thanos/Sketchfab_2021_09_01_10_39_06.fbx
  artifactKey: Guid(1323e4dd9e66b2942a90a83cdbe3cc90) Importer(815301076,1909f56bfc062723c751e8b465ee728b)
Start importing Assets/Models/Thanos/Sketchfab_2021_09_01_10_39_06.fbx using Guid(1323e4dd9e66b2942a90a83cdbe3cc90) Importer(815301076,1909f56bfc062723c751e8b465ee728b)  -> (artifact id: '517290dea4978482a6d48acb407aa5de') in 0.024616 seconds 
========================================================================
Received Import Request.
  Time since last request: 9.924802 seconds.
  path: Assets/Models/Thanos/Sketchfab_2021_09_01_10_39_06.fbx
  artifactKey: Guid(1323e4dd9e66b2942a90a83cdbe3cc90) Importer(815301076,1909f56bfc062723c751e8b465ee728b)
Start importing Assets/Models/Thanos/Sketchfab_2021_09_01_10_39_06.fbx using Guid(1323e4dd9e66b2942a90a83cdbe3cc90) Importer(815301076,1909f56bfc062723c751e8b465ee728b)  -> (artifact id: '06e4c0043404d571f9225112deb17f3e') in 0.036919 seconds 
========================================================================
Received Import Request.
  Time since last request: 9.279882 seconds.
  path: Assets/Models/Thanos/Sketchfab_2021_09_01_10_39_06.fbx
  artifactKey: Guid(1323e4dd9e66b2942a90a83cdbe3cc90) Importer(815301076,1909f56bfc062723c751e8b465ee728b)
Start importing Assets/Models/Thanos/Sketchfab_2021_09_01_10_39_06.fbx using Guid(1323e4dd9e66b2942a90a83cdbe3cc90) Importer(815301076,1909f56bfc062723c751e8b465ee728b)  -> (artifact id: 'd3b0401e35b700576adbaff1ed8b618d') in 0.022610 seconds 
========================================================================
Received Import Request.
  Time since last request: 146.110100 seconds.
  path: Assets/Models/Thanos/Material.001.mat
  artifactKey: Guid(bbc7d6b414ab5e84396087b802064233) Importer(815301076,1909f56bfc062723c751e8b465ee728b)
Start importing Assets/Models/Thanos/Material.001.mat using Guid(bbc7d6b414ab5e84396087b802064233) Importer(815301076,1909f56bfc062723c751e8b465ee728b)  -> (artifact id: 'ff1ff4dfffb05a02b62bbc71ac0fbb8e') in 0.019298 seconds 
========================================================================
Received Import Request.
  Time since last request: 0.000019 seconds.
  path: Assets/Models/Thanos/T_M_LRG_Jim_Body_n 1.png
  artifactKey: Guid(c767a4c8e23b9b947a216903b7a611ac) Importer(815301076,1909f56bfc062723c751e8b465ee728b)
Start importing Assets/Models/Thanos/T_M_LRG_Jim_Body_n 1.png using Guid(c767a4c8e23b9b947a216903b7a611ac) Importer(815301076,1909f56bfc062723c751e8b465ee728b)  -> (artifact id: '253c33a9a64b4b970af910b636d7997a') in 0.019214 seconds 
========================================================================
Received Import Request.
  Time since last request: 0.000016 seconds.
  path: Assets/Models/Thanos/Sketchfab_2021_09_01_10_39_06.fbx
  artifactKey: Guid(1323e4dd9e66b2942a90a83cdbe3cc90) Importer(815301076,1909f56bfc062723c751e8b465ee728b)
Start importing Assets/Models/Thanos/Sketchfab_2021_09_01_10_39_06.fbx using Guid(1323e4dd9e66b2942a90a83cdbe3cc90) Importer(815301076,1909f56bfc062723c751e8b465ee728b)  -> (artifact id: '656da352f201de2e1b3d5129062a86ec') in 0.095897 seconds 
========================================================================
Received Import Request.
  Time since last request: 0.000040 seconds.
  path: Assets/Models/Thanos/Material.003.mat
  artifactKey: Guid(b9678a6884b793444b11f4b7883ef5d8) Importer(815301076,1909f56bfc062723c751e8b465ee728b)
Start importing Assets/Models/Thanos/Material.003.mat using Guid(b9678a6884b793444b11f4b7883ef5d8) Importer(815301076,1909f56bfc062723c751e8b465ee728b)  -> (artifact id: '5fcf4521dae8263dff77c5f096797743') in 0.018801 seconds 
========================================================================
Received Import Request.
  Time since last request: 0.000019 seconds.
  path: Assets/Models/Thanos/T_M_LRG_Jim_Body_s@channels=B 1.png
  artifactKey: Guid(b2f2cefa4a84d32419dd1d5b50654517) Importer(815301076,1909f56bfc062723c751e8b465ee728b)
Start importing Assets/Models/Thanos/T_M_LRG_Jim_Body_s@channels=B 1.png using Guid(b2f2cefa4a84d32419dd1d5b50654517) Importer(815301076,1909f56bfc062723c751e8b465ee728b)  -> (artifact id: '0076cf6170974adafe1e5463b681a9e2') in 0.016250 seconds 
========================================================================
Received Import Request.
  Time since last request: 0.000065 seconds.
  path: Assets/Models/Thanos/T_M_LRG_JIM_Gauntlet_M 1.png
  artifactKey: Guid(44a34bab048117e419bede4386a641fc) Importer(815301076,1909f56bfc062723c751e8b465ee728b)
Start importing Assets/Models/Thanos/T_M_LRG_JIM_Gauntlet_M 1.png using Guid(44a34bab048117e419bede4386a641fc) Importer(815301076,1909f56bfc062723c751e8b465ee728b)  -> (artifact id: 'fc485d71ef63db00b7d2d55c6d999a2a') in 0.016849 seconds 
========================================================================
Received Import Request.
  Time since last request: 0.000023 seconds.
  path: Assets/Models/Thanos/T_M_LRG_JIM_Gauntlet_N 1.png
  artifactKey: Guid(9d1882b77fb1e5f45825b494f85f0e76) Importer(815301076,1909f56bfc062723c751e8b465ee728b)
Start importing Assets/Models/Thanos/T_M_LRG_JIM_Gauntlet_N 1.png using Guid(9d1882b77fb1e5f45825b494f85f0e76) Importer(815301076,1909f56bfc062723c751e8b465ee728b)  -> (artifact id: '1f0243a7663c4fc52be3d2a42f6715e7') in 0.016299 seconds 
Editor requested this worker to shutdown with reason: Scaling down because of idle timeout
AssetImportWorker is now disconnected from the server
Process exiting
Exiting without the bug reporter. Application will terminate with return code 0