Using pre-set license
Built from '2021.2/staging' branch; Version is '2021.2.8f1 (d0e5f0a7b06a) revision 13690352'; Using compiler version '192829333'; Build Type 'Release'
OS: 'Windows 11  (10.0.22000) 64bit Core' Language: 'en' Physical Memory: 16198 MB
BatchMode: 1, IsHumanControllingUs: 0, StartBugReporterOnCrash: 0, Is64bit: 1, IsPro: 0

COMMAND LINE ARGUMENTS:
C:\Program Files\Unity\Hub\Editor\2021.2.8f1\Editor\Unity.exe
-adb2
-batchMode
-noUpm
-name
AssetImportWorker12
-projectPath
C:/Users/Bianca Palileo/Desktop/GE2Assignment
-logFile
Logs/AssetImportWorker12.log
-srvPort
58272
Successfully changed project path to: C:/Users/Bianca Palileo/Desktop/GE2Assignment
C:/Users/Bianca Palileo/Desktop/GE2Assignment
[UnityMemory] Configuration Parameters - Can be set up in boot.config
    "memorysetup-bucket-allocator-granularity=16"
    "memorysetup-bucket-allocator-bucket-count=8"
    "memorysetup-bucket-allocator-block-size=33554432"
    "memorysetup-bucket-allocator-block-count=8"
    "memorysetup-main-allocator-block-size=16777216"
    "memorysetup-thread-allocator-block-size=16777216"
    "memorysetup-gfx-main-allocator-block-size=16777216"
    "memorysetup-gfx-thread-allocator-block-size=16777216"
    "memorysetup-cache-allocator-block-size=4194304"
    "memorysetup-typetree-allocator-block-size=2097152"
    "memorysetup-profiler-bucket-allocator-granularity=16"
    "memorysetup-profiler-bucket-allocator-bucket-count=8"
    "memorysetup-profiler-bucket-allocator-block-size=33554432"
    "memorysetup-profiler-bucket-allocator-block-count=8"
    "memorysetup-profiler-allocator-block-size=16777216"
    "memorysetup-profiler-editor-allocator-block-size=1048576"
    "memorysetup-temp-allocator-size-main=16777216"
    "memorysetup-job-temp-allocator-block-size=2097152"
    "memorysetup-job-temp-allocator-block-size-background=1048576"
    "memorysetup-job-temp-allocator-reduction-small-platforms=262144"
    "memorysetup-temp-allocator-size-background-worker=32768"
    "memorysetup-temp-allocator-size-job-worker=262144"
    "memorysetup-temp-allocator-size-preload-manager=33554432"
    "memorysetup-temp-allocator-size-nav-mesh-worker=65536"
    "memorysetup-temp-allocator-size-audio-worker=65536"
    "memorysetup-temp-allocator-size-cloud-worker=32768"
    "memorysetup-temp-allocator-size-gi-baking-worker=262144"
    "memorysetup-temp-allocator-size-gfx=262144"
Refreshing native plugins compatible for Editor in 24.20 ms, found 2 plugins.
Preloading 0 native plugins for Editor in 0.00 ms.
Initialize engine version: 2021.2.8f1 (d0e5f0a7b06a)
[Subsystems] Discovering subsystems at path C:/Program Files/Unity/Hub/Editor/2021.2.8f1/Editor/Data/Resources/UnitySubsystems
[Subsystems] Discovering subsystems at path C:/Users/Bianca Palileo/Desktop/GE2Assignment/Assets
GfxDevice: creating device client; threaded=0; jobified=0
Direct3D:
    Version:  Direct3D 11.0 [level 11.1]
    Renderer: NVIDIA GeForce RTX 2070 (ID=0x1f14)
    Vendor:   NVIDIA
    VRAM:     8031 MB
    Driver:   30.0.15.1165
Initialize mono
Mono path[0] = 'C:/Program Files/Unity/Hub/Editor/2021.2.8f1/Editor/Data/Managed'
Mono path[1] = 'C:/Program Files/Unity/Hub/Editor/2021.2.8f1/Editor/Data/MonoBleedingEdge/lib/mono/unityjit-win32'
Mono config path = 'C:/Program Files/Unity/Hub/Editor/2021.2.8f1/Editor/Data/MonoBleedingEdge/etc'
Using monoOptions --debugger-agent=transport=dt_socket,embedding=1,server=y,suspend=n,address=127.0.0.1:56888
Begin MonoManager ReloadAssembly
Registering precompiled unity dll's ...
Register platform support module: C:/Program Files/Unity/Hub/Editor/2021.2.8f1/Editor/Data/PlaybackEngines/WindowsStandaloneSupport/UnityEditor.WindowsStandalone.Extensions.dll
Registered in 0.003586 seconds.
Native extension for WindowsStandalone target not found
Refreshing native plugins compatible for Editor in 20.84 ms, found 2 plugins.
Preloading 0 native plugins for Editor in 0.00 ms.
Mono: successfully reloaded assembly
- Completed reload, in  0.483 seconds
Domain Reload Profiling:
	ReloadAssembly (484ms)
		BeginReloadAssembly (60ms)
			ExecutionOrderSort (0ms)
			DisableScriptedObjects (0ms)
			BackupInstance (0ms)
			ReleaseScriptingObjects (0ms)
			CreateAndSetChildDomain (1ms)
		EndReloadAssembly (348ms)
			LoadAssemblies (58ms)
			RebuildTransferFunctionScriptingTraits (0ms)
			SetupTypeCache (87ms)
			ReleaseScriptCaches (0ms)
			RebuildScriptCaches (22ms)
			SetupLoadedEditorAssemblies (197ms)
				LogAssemblyErrors (0ms)
				InitializePlatformSupportModulesInManaged (12ms)
				SetLoadedEditorAssemblies (0ms)
				RefreshPlugins (21ms)
				BeforeProcessingInitializeOnLoad (1ms)
				ProcessInitializeOnLoadAttributes (119ms)
				ProcessInitializeOnLoadMethodAttributes (44ms)
				AfterProcessingInitializeOnLoad (0ms)
				EditorAssembliesLoaded (0ms)
			ExecutionOrderSort2 (0ms)
			AwakeInstancesAfterBackupRestoration (0ms)
Platform modules already initialized, skipping
Registering precompiled user dll's ...
Registered in 0.002452 seconds.
Begin MonoManager ReloadAssembly
Native extension for WindowsStandalone target not found
Refreshing native plugins compatible for Editor in 0.28 ms, found 2 plugins.
Preloading 0 native plugins for Editor in 0.00 ms.
Mono: successfully reloaded assembly
- Completed reload, in  0.708 seconds
Domain Reload Profiling:
	ReloadAssembly (708ms)
		BeginReloadAssembly (89ms)
			ExecutionOrderSort (0ms)
			DisableScriptedObjects (5ms)
			BackupInstance (0ms)
			ReleaseScriptingObjects (0ms)
			CreateAndSetChildDomain (16ms)
		EndReloadAssembly (538ms)
			LoadAssemblies (54ms)
			RebuildTransferFunctionScriptingTraits (0ms)
			SetupTypeCache (155ms)
			ReleaseScriptCaches (0ms)
			RebuildScriptCaches (38ms)
			SetupLoadedEditorAssemblies (252ms)
				LogAssemblyErrors (0ms)
				InitializePlatformSupportModulesInManaged (10ms)
				SetLoadedEditorAssemblies (0ms)
				RefreshPlugins (0ms)
				BeforeProcessingInitializeOnLoad (38ms)
				ProcessInitializeOnLoadAttributes (177ms)
				ProcessInitializeOnLoadMethodAttributes (21ms)
				AfterProcessingInitializeOnLoad (5ms)
				EditorAssembliesLoaded (0ms)
			ExecutionOrderSort2 (0ms)
			AwakeInstancesAfterBackupRestoration (5ms)
Platform modules already initialized, skipping
========================================================================
Worker process is ready to serve import requests
Launched and connected shader compiler UnityShaderCompiler.exe after 0.06 seconds
Refreshing native plugins compatible for Editor in 0.29 ms, found 2 plugins.
Preloading 0 native plugins for Editor in 0.00 ms.
Unloading 1525 Unused Serialized files (Serialized files now loaded: 0)
Unloading 19 unused Assets / (48.4 KB). Loaded Objects now: 2007.
Memory consumption went from 80.8 MB to 80.8 MB.
Total: 2.282300 ms (FindLiveObjects: 0.148300 ms CreateObjectMapping: 0.067300 ms MarkObjects: 1.960900 ms  DeleteObjects: 0.104700 ms)

AssetImportParameters requested are different than current active one (requested -> active):
  custom:video-decoder-ogg-theora: a1e56fd34408186e4bbccfd4996cb3dc -> 
  custom:container-muxer-webm: aa71ff27fc2769a1b78a27578f13a17b -> 
  custom:container-demuxer-webm: 4f35f7cbe854078d1ac9338744f61a02 -> 
  custom:video-encoder-webm-vp8: eb34c28f22e8b96e1ab97ce403110664 -> 
  custom:audio-encoder-webm-vorbis: bf7c407c2cedff20999df2af8eb42d56 -> 
  custom:framework-win-MediaFoundation: 216162199b28c13a410421893ffa2e32 -> 
  custom:container-demuxer-ogg: 62fdf1f143b41e24485cea50d1cbac27 -> 
  custom:video-decoder-webm-vp8: 9c59270c3fd7afecdb556c50c9e8de78 -> 
  custom:audio-decoder-ogg-vorbis: bf7c407c2cedff20999df2af8eb42d56 -> 
========================================================================
Received Import Request.
  Time since last request: 1397331.440969 seconds.
  path: Assets/Animations
  artifactKey: Guid(2afd00bbdae568b44b7ec24b4acf9aae) Importer(815301076,1909f56bfc062723c751e8b465ee728b)
Start importing Assets/Animations using Guid(2afd00bbdae568b44b7ec24b4acf9aae) Importer(815301076,1909f56bfc062723c751e8b465ee728b)  -> (artifact id: '9baf0f9d669de01ca59b5ff0f25a450c') in 0.011052 seconds 
========================================================================
Received Import Request.
  Time since last request: 18.127423 seconds.
  path: Assets/Ships
  artifactKey: Guid(986408d138b28994da9354721d887100) Importer(815301076,1909f56bfc062723c751e8b465ee728b)
Start importing Assets/Ships using Guid(986408d138b28994da9354721d887100) Importer(815301076,1909f56bfc062723c751e8b465ee728b)  -> (artifact id: 'c73ef94d9276f72bf922da730ff0069e') in 0.007854 seconds 
========================================================================
Received Import Request.
  Time since last request: 21.668351 seconds.
  path: Assets/Starfield Skybox/Demo
  artifactKey: Guid(7a4470ba344bcbb44bb67e3c01170b5c) Importer(815301076,1909f56bfc062723c751e8b465ee728b)
Start importing Assets/Starfield Skybox/Demo using Guid(7a4470ba344bcbb44bb67e3c01170b5c) Importer(815301076,1909f56bfc062723c751e8b465ee728b)  -> (artifact id: '3dd762a22e0d096e5bb862add9d139ca') in 0.008343 seconds 
========================================================================
Received Import Request.
  Time since last request: 4.378388 seconds.
  path: Assets/Starfield Skybox/Skybox.mat
  artifactKey: Guid(81f714daf7144784b8a2f42f1cd30927) Importer(815301076,1909f56bfc062723c751e8b465ee728b)
Start importing Assets/Starfield Skybox/Skybox.mat using Guid(81f714daf7144784b8a2f42f1cd30927) Importer(815301076,1909f56bfc062723c751e8b465ee728b)  -> (artifact id: '2e02acbf3d64d40f995446a5e3253c07') in 0.113717 seconds 
========================================================================
Received Prepare
Registering precompiled user dll's ...
Registered in 0.002381 seconds.
Begin MonoManager ReloadAssembly
Native extension for WindowsStandalone target not found
Refreshing native plugins compatible for Editor in 0.33 ms, found 2 plugins.
Preloading 0 native plugins for Editor in 0.00 ms.
Mono: successfully reloaded assembly
- Completed reload, in  0.909 seconds
Domain Reload Profiling:
	ReloadAssembly (909ms)
		BeginReloadAssembly (127ms)
			ExecutionOrderSort (0ms)
			DisableScriptedObjects (6ms)
			BackupInstance (0ms)
			ReleaseScriptingObjects (0ms)
			CreateAndSetChildDomain (31ms)
		EndReloadAssembly (654ms)
			LoadAssemblies (59ms)
			RebuildTransferFunctionScriptingTraits (0ms)
			SetupTypeCache (172ms)
			ReleaseScriptCaches (1ms)
			RebuildScriptCaches (45ms)
			SetupLoadedEditorAssemblies (340ms)
				LogAssemblyErrors (0ms)
				InitializePlatformSupportModulesInManaged (11ms)
				SetLoadedEditorAssemblies (1ms)
				RefreshPlugins (0ms)
				BeforeProcessingInitializeOnLoad (45ms)
				ProcessInitializeOnLoadAttributes (257ms)
				ProcessInitializeOnLoadMethodAttributes (20ms)
				AfterProcessingInitializeOnLoad (5ms)
				EditorAssembliesLoaded (0ms)
			ExecutionOrderSort2 (0ms)
			AwakeInstancesAfterBackupRestoration (5ms)
Platform modules already initialized, skipping
Refreshing native plugins compatible for Editor in 0.30 ms, found 2 plugins.
Preloading 0 native plugins for Editor in 0.00 ms.
Unloading 1519 Unused Serialized files (Serialized files now loaded: 0)
Unloading 14 unused Assets / (31.7 KB). Loaded Objects now: 2048.
Memory consumption went from 84.8 MB to 84.8 MB.
Total: 2.012700 ms (FindLiveObjects: 0.148500 ms CreateObjectMapping: 0.062800 ms MarkObjects: 1.788700 ms  DeleteObjects: 0.011800 ms)

AssetImportParameters requested are different than current active one (requested -> active):
  custom:video-decoder-ogg-theora: a1e56fd34408186e4bbccfd4996cb3dc -> 
  custom:container-muxer-webm: aa71ff27fc2769a1b78a27578f13a17b -> 
  custom:container-demuxer-webm: 4f35f7cbe854078d1ac9338744f61a02 -> 
  custom:video-encoder-webm-vp8: eb34c28f22e8b96e1ab97ce403110664 -> 
  custom:audio-encoder-webm-vorbis: bf7c407c2cedff20999df2af8eb42d56 -> 
  custom:framework-win-MediaFoundation: 216162199b28c13a410421893ffa2e32 -> 
  custom:container-demuxer-ogg: 62fdf1f143b41e24485cea50d1cbac27 -> 
  custom:video-decoder-webm-vp8: 9c59270c3fd7afecdb556c50c9e8de78 -> 
  custom:audio-decoder-ogg-vorbis: bf7c407c2cedff20999df2af8eb42d56 -> 
========================================================================
Received Prepare
Registering precompiled user dll's ...
Registered in 0.002623 seconds.
Begin MonoManager ReloadAssembly
Native extension for WindowsStandalone target not found
Refreshing native plugins compatible for Editor in 0.38 ms, found 2 plugins.
Preloading 0 native plugins for Editor in 0.00 ms.
Mono: successfully reloaded assembly
- Completed reload, in  0.844 seconds
Domain Reload Profiling:
	ReloadAssembly (844ms)
		BeginReloadAssembly (112ms)
			ExecutionOrderSort (0ms)
			DisableScriptedObjects (5ms)
			BackupInstance (0ms)
			ReleaseScriptingObjects (0ms)
			CreateAndSetChildDomain (26ms)
		EndReloadAssembly (637ms)
			LoadAssemblies (68ms)
			RebuildTransferFunctionScriptingTraits (0ms)
			SetupTypeCache (219ms)
			ReleaseScriptCaches (1ms)
			RebuildScriptCaches (46ms)
			SetupLoadedEditorAssemblies (265ms)
				LogAssemblyErrors (0ms)
				InitializePlatformSupportModulesInManaged (11ms)
				SetLoadedEditorAssemblies (0ms)
				RefreshPlugins (0ms)
				BeforeProcessingInitializeOnLoad (41ms)
				ProcessInitializeOnLoadAttributes (185ms)
				ProcessInitializeOnLoadMethodAttributes (20ms)
				AfterProcessingInitializeOnLoad (5ms)
				EditorAssembliesLoaded (0ms)
			ExecutionOrderSort2 (0ms)
			AwakeInstancesAfterBackupRestoration (6ms)
Platform modules already initialized, skipping
Refreshing native plugins compatible for Editor in 0.28 ms, found 2 plugins.
Preloading 0 native plugins for Editor in 0.00 ms.
Unloading 1520 Unused Serialized files (Serialized files now loaded: 0)
Unloading 14 unused Assets / (31.7 KB). Loaded Objects now: 2050.
Memory consumption went from 84.8 MB to 84.8 MB.
Total: 2.344600 ms (FindLiveObjects: 0.179600 ms CreateObjectMapping: 0.066100 ms MarkObjects: 2.085700 ms  DeleteObjects: 0.012300 ms)

AssetImportParameters requested are different than current active one (requested -> active):
  custom:video-decoder-ogg-theora: a1e56fd34408186e4bbccfd4996cb3dc -> 
  custom:container-muxer-webm: aa71ff27fc2769a1b78a27578f13a17b -> 
  custom:container-demuxer-webm: 4f35f7cbe854078d1ac9338744f61a02 -> 
  custom:video-encoder-webm-vp8: eb34c28f22e8b96e1ab97ce403110664 -> 
  custom:audio-encoder-webm-vorbis: bf7c407c2cedff20999df2af8eb42d56 -> 
  custom:framework-win-MediaFoundation: 216162199b28c13a410421893ffa2e32 -> 
  custom:container-demuxer-ogg: 62fdf1f143b41e24485cea50d1cbac27 -> 
  custom:video-decoder-webm-vp8: 9c59270c3fd7afecdb556c50c9e8de78 -> 
  custom:audio-decoder-ogg-vorbis: bf7c407c2cedff20999df2af8eb42d56 -> 
========================================================================
Received Import Request.
  Time since last request: 242.417260 seconds.
  path: Assets/Models/Hulk
  artifactKey: Guid(a650b7fb973e87c4589af96bec1fac66) Importer(815301076,1909f56bfc062723c751e8b465ee728b)
Start importing Assets/Models/Hulk using Guid(a650b7fb973e87c4589af96bec1fac66) Importer(815301076,1909f56bfc062723c751e8b465ee728b)  -> (artifact id: 'c4a2132c5a417b38e92d177ce5c2b7e2') in 0.010687 seconds 
========================================================================
Received Import Request.
  Time since last request: 4.309958 seconds.
  path: Assets/Models/Hulk/0.obj
  artifactKey: Guid(3c9da4c6ccf37fc4ba1970fe38f8304f) Importer(815301076,1909f56bfc062723c751e8b465ee728b)
Start importing Assets/Models/Hulk/0.obj using Guid(3c9da4c6ccf37fc4ba1970fe38f8304f) Importer(815301076,1909f56bfc062723c751e8b465ee728b)  -> (artifact id: '15808421ffd8e2b84a3017631cabae87') in 0.201499 seconds 
========================================================================
Received Import Request.
  Time since last request: 24.665596 seconds.
  path: Assets/Models/Hulk/Hulk_Body.mat
  artifactKey: Guid(3051f0064a729d4468682d36faf33d84) Importer(815301076,1909f56bfc062723c751e8b465ee728b)
Start importing Assets/Models/Hulk/Hulk_Body.mat using Guid(3051f0064a729d4468682d36faf33d84) Importer(815301076,1909f56bfc062723c751e8b465ee728b)  -> (artifact id: '93ed31d5cd7275b24382a66401e2bb86') in 0.013667 seconds 
========================================================================
Received Import Request.
  Time since last request: 10.070759 seconds.
  path: Assets/Models/Hulk/Hulk_Texture.mat
  artifactKey: Guid(3051f0064a729d4468682d36faf33d84) Importer(815301076,1909f56bfc062723c751e8b465ee728b)
Start importing Assets/Models/Hulk/Hulk_Texture.mat using Guid(3051f0064a729d4468682d36faf33d84) Importer(815301076,1909f56bfc062723c751e8b465ee728b)  -> (artifact id: 'de6396711555f33b9955297e74866644') in 0.015279 seconds 
========================================================================
Received Import Request.
  Time since last request: 21.307447 seconds.
  path: Assets/Models/Hulk/0.obj
  artifactKey: Guid(3c9da4c6ccf37fc4ba1970fe38f8304f) Importer(815301076,1909f56bfc062723c751e8b465ee728b)
Start importing Assets/Models/Hulk/0.obj using Guid(3c9da4c6ccf37fc4ba1970fe38f8304f) Importer(815301076,1909f56bfc062723c751e8b465ee728b)  -> (artifact id: '333d0dd7ab919337eb6973a48c385123') in 0.045285 seconds 
========================================================================
Received Import Request.
  Time since last request: 91.225966 seconds.
  path: Assets/Models/Hulk/0.obj
  artifactKey: Guid(3c9da4c6ccf37fc4ba1970fe38f8304f) Importer(815301076,1909f56bfc062723c751e8b465ee728b)
Start importing Assets/Models/Hulk/0.obj using Guid(3c9da4c6ccf37fc4ba1970fe38f8304f) Importer(815301076,1909f56bfc062723c751e8b465ee728b)  -> (artifact id: 'f4d1c99867420a0d5fae4ad3c0254031') in 0.037033 seconds 
========================================================================
Received Import Request.
  Time since last request: 19.396130 seconds.
  path: Assets/Models/CaptainMarvel
  artifactKey: Guid(b3e067b6619aeab46865549caf7bc0b0) Importer(815301076,1909f56bfc062723c751e8b465ee728b)
Start importing Assets/Models/CaptainMarvel using Guid(b3e067b6619aeab46865549caf7bc0b0) Importer(815301076,1909f56bfc062723c751e8b465ee728b)  -> (artifact id: '0a5e6623b226caa25d77554e5d164c5d') in 0.006486 seconds 
========================================================================
Received Import Request.
  Time since last request: 3.505020 seconds.
  path: Assets/Models/CaptainMarvel/CapMarvel_Movie_Diff.png
  artifactKey: Guid(1f57daf0be5960643ab3de303efbb0be) Importer(815301076,1909f56bfc062723c751e8b465ee728b)
Start importing Assets/Models/CaptainMarvel/CapMarvel_Movie_Diff.png using Guid(1f57daf0be5960643ab3de303efbb0be) Importer(815301076,1909f56bfc062723c751e8b465ee728b)  -> (artifact id: '179a3771fdefbb760ec587f87b0d2540') in 0.041215 seconds 
========================================================================
Received Import Request.
  Time since last request: 0.000016 seconds.
  path: Assets/Models/CaptainMarvel/CapMarvel_Movie_Spec.png
  artifactKey: Guid(9aa04519f38b6404ea47d9f3723e0af5) Importer(815301076,1909f56bfc062723c751e8b465ee728b)
Start importing Assets/Models/CaptainMarvel/CapMarvel_Movie_Spec.png using Guid(9aa04519f38b6404ea47d9f3723e0af5) Importer(815301076,1909f56bfc062723c751e8b465ee728b)  -> (artifact id: '4d5a6c86ec263310d21868c1f37706d1') in 0.019480 seconds 
========================================================================
Received Import Request.
  Time since last request: 0.000015 seconds.
  path: Assets/Models/CaptainMarvel/cm.obj
  artifactKey: Guid(7f83d6be61d319343bd93642a90b6a9d) Importer(815301076,1909f56bfc062723c751e8b465ee728b)
Start importing Assets/Models/CaptainMarvel/cm.obj using Guid(7f83d6be61d319343bd93642a90b6a9d) Importer(815301076,1909f56bfc062723c751e8b465ee728b)  -> (artifact id: '954f494818c39d3c6d65e87f386c7367') in 0.105518 seconds 
========================================================================
Received Import Request.
  Time since last request: 28.831786 seconds.
  path: Assets/Models/CaptainMarvel/cm.obj
  artifactKey: Guid(7f83d6be61d319343bd93642a90b6a9d) Importer(815301076,1909f56bfc062723c751e8b465ee728b)
Start importing Assets/Models/CaptainMarvel/cm.obj using Guid(7f83d6be61d319343bd93642a90b6a9d) Importer(815301076,1909f56bfc062723c751e8b465ee728b)  -> (artifact id: 'f250993ceab18f1d4586a9f1933186be') in 0.157232 seconds 
========================================================================
Received Import Request.
  Time since last request: 31.699488 seconds.
  path: Assets/Models/CaptainMarvel/cm.obj
  artifactKey: Guid(7f83d6be61d319343bd93642a90b6a9d) Importer(815301076,1909f56bfc062723c751e8b465ee728b)
Start importing Assets/Models/CaptainMarvel/cm.obj using Guid(7f83d6be61d319343bd93642a90b6a9d) Importer(815301076,1909f56bfc062723c751e8b465ee728b)  -> (artifact id: '398a02d25048e6fa2a15a11dce3dc7f5') in 0.068741 seconds 
========================================================================
Received Import Request.
  Time since last request: 30.695921 seconds.
  path: Assets/Models/CaptainMarvel/cm.obj
  artifactKey: Guid(7f83d6be61d319343bd93642a90b6a9d) Importer(815301076,1909f56bfc062723c751e8b465ee728b)
Start importing Assets/Models/CaptainMarvel/cm.obj using Guid(7f83d6be61d319343bd93642a90b6a9d) Importer(815301076,1909f56bfc062723c751e8b465ee728b)  -> (artifact id: '991375a59a0bb9276ebc5db87a147adc') in 0.071924 seconds 
========================================================================
Received Import Request.
  Time since last request: 17.712867 seconds.
  path: Assets/Models/CaptainMarvel/cm.obj
  artifactKey: Guid(7f83d6be61d319343bd93642a90b6a9d) Importer(815301076,1909f56bfc062723c751e8b465ee728b)
Start importing Assets/Models/CaptainMarvel/cm.obj using Guid(7f83d6be61d319343bd93642a90b6a9d) Importer(815301076,1909f56bfc062723c751e8b465ee728b)  -> (artifact id: 'e26693cafce2dc50b42c8c3e660e6df0') in 0.043969 seconds 
========================================================================
Received Import Request.
  Time since last request: 23.410677 seconds.
  path: Assets/Models/CaptainMarvel/cm.obj
  artifactKey: Guid(7f83d6be61d319343bd93642a90b6a9d) Importer(815301076,1909f56bfc062723c751e8b465ee728b)
Start importing Assets/Models/CaptainMarvel/cm.obj using Guid(7f83d6be61d319343bd93642a90b6a9d) Importer(815301076,1909f56bfc062723c751e8b465ee728b)  -> (artifact id: 'dfa9ccf74e9c05b498a8febe9b41c70b') in 0.043116 seconds 
========================================================================
Received Import Request.
  Time since last request: 7.020999 seconds.
  path: Assets/Starfield Skybox/Demo/Textures/Up_Tex.png
  artifactKey: Guid(8313f24c5bda59240aabef5e6c46f9a5) Importer(815301076,1909f56bfc062723c751e8b465ee728b)
Start importing Assets/Starfield Skybox/Demo/Textures/Up_Tex.png using Guid(8313f24c5bda59240aabef5e6c46f9a5) Importer(815301076,1909f56bfc062723c751e8b465ee728b)  -> (artifact id: '68d99e62199f94d31da3042b4f86989d') in 0.041652 seconds 
========================================================================
Received Import Request.
  Time since last request: 23.963070 seconds.
  path: Assets/Models/CaptainMarvel/cm.obj
  artifactKey: Guid(7f83d6be61d319343bd93642a90b6a9d) Importer(815301076,1909f56bfc062723c751e8b465ee728b)
Start importing Assets/Models/CaptainMarvel/cm.obj using Guid(7f83d6be61d319343bd93642a90b6a9d) Importer(815301076,1909f56bfc062723c751e8b465ee728b)  -> (artifact id: '01951c6121ce6e9f0e3b5e2a1fbb07b4') in 0.075150 seconds 
========================================================================
Received Import Request.
  Time since last request: 20.188899 seconds.
  path: Assets/Models/CaptainMarvel/cm.obj
  artifactKey: Guid(7f83d6be61d319343bd93642a90b6a9d) Importer(815301076,1909f56bfc062723c751e8b465ee728b)
Start importing Assets/Models/CaptainMarvel/cm.obj using Guid(7f83d6be61d319343bd93642a90b6a9d) Importer(815301076,1909f56bfc062723c751e8b465ee728b)  -> (artifact id: 'defc0c715957ed112fafbef637b7bb78') in 0.108458 seconds 
========================================================================
Received Import Request.
  Time since last request: 7.360517 seconds.
  path: Assets/Models/CaptainMarvel/cm.obj
  artifactKey: Guid(7f83d6be61d319343bd93642a90b6a9d) Importer(815301076,1909f56bfc062723c751e8b465ee728b)
Start importing Assets/Models/CaptainMarvel/cm.obj using Guid(7f83d6be61d319343bd93642a90b6a9d) Importer(815301076,1909f56bfc062723c751e8b465ee728b)  -> (artifact id: '609a1910bf146671369cb2ea3d3f86d2') in 0.069852 seconds 
========================================================================
Received Import Request.
  Time since last request: 4.739512 seconds.
  path: Assets/Models/CaptainMarvel/cm.obj
  artifactKey: Guid(7f83d6be61d319343bd93642a90b6a9d) Importer(815301076,1909f56bfc062723c751e8b465ee728b)
Start importing Assets/Models/CaptainMarvel/cm.obj using Guid(7f83d6be61d319343bd93642a90b6a9d) Importer(815301076,1909f56bfc062723c751e8b465ee728b)  -> (artifact id: '58802212e25e4fd96e93623914d61ddc') in 0.126060 seconds 
========================================================================
Received Import Request.
  Time since last request: 218.352447 seconds.
  path: Assets/Models/Thanos/T_M_LRG_Jim_Body_m.tga.001.png
  artifactKey: Guid(d155258216ced5f4d8839283b26e6172) Importer(815301076,1909f56bfc062723c751e8b465ee728b)
Start importing Assets/Models/Thanos/T_M_LRG_Jim_Body_m.tga.001.png using Guid(d155258216ced5f4d8839283b26e6172) Importer(815301076,1909f56bfc062723c751e8b465ee728b)  -> (artifact id: '7da8ddae37ee568b042abde50142a461') in 0.019927 seconds 
========================================================================
Received Import Request.
  Time since last request: 0.000018 seconds.
  path: Assets/Models/Thanos/T_M_LRG_Jim_Head_m.png
  artifactKey: Guid(db5c704a8a627eb45b6df0249dd662a1) Importer(815301076,1909f56bfc062723c751e8b465ee728b)
Start importing Assets/Models/Thanos/T_M_LRG_Jim_Head_m.png using Guid(db5c704a8a627eb45b6df0249dd662a1) Importer(815301076,1909f56bfc062723c751e8b465ee728b)  -> (artifact id: '784a8285b63735f399487e28a54007ac') in 0.018617 seconds 
========================================================================
Received Import Request.
  Time since last request: 0.000036 seconds.
  path: Assets/Models/Thanos/T_M_LRG_Jim_Helmet_s@channels=B.png
  artifactKey: Guid(913a4d44bb853074492bb0e836737370) Importer(815301076,1909f56bfc062723c751e8b465ee728b)
Start importing Assets/Models/Thanos/T_M_LRG_Jim_Helmet_s@channels=B.png using Guid(913a4d44bb853074492bb0e836737370) Importer(815301076,1909f56bfc062723c751e8b465ee728b)  -> (artifact id: '89611e890fedd0e90729ac8bdabecbef') in 0.017810 seconds 
========================================================================
Received Import Request.
  Time since last request: 0.000043 seconds.
  path: Assets/Models/Thanos/T_M_LRG_Jim_Head_e.png
  artifactKey: Guid(dcee4e68deebd1440b30669b126b2178) Importer(815301076,1909f56bfc062723c751e8b465ee728b)
Start importing Assets/Models/Thanos/T_M_LRG_Jim_Head_e.png using Guid(dcee4e68deebd1440b30669b126b2178) Importer(815301076,1909f56bfc062723c751e8b465ee728b)  -> (artifact id: '4905a21bdbe776ed27a0335b5fec847f') in 0.019966 seconds 
========================================================================
Received Import Request.
  Time since last request: 0.000041 seconds.
  path: Assets/Models/Thanos/T_M_LRG_Jim_Body_s@channels=B.png
  artifactKey: Guid(6babcffdd4f9af24a90b2fbeae7b8551) Importer(815301076,1909f56bfc062723c751e8b465ee728b)
Start importing Assets/Models/Thanos/T_M_LRG_Jim_Body_s@channels=B.png using Guid(6babcffdd4f9af24a90b2fbeae7b8551) Importer(815301076,1909f56bfc062723c751e8b465ee728b)  -> (artifact id: '373699149d9a60a95e604f5c21bbfa53') in 0.021001 seconds 
========================================================================
Received Import Request.
  Time since last request: 0.000020 seconds.
  path: Assets/Models/Thanos/T_M_LRG_JIM_Gauntlet_S@channels=B.png
  artifactKey: Guid(35ea14648bc777540b778a3541f70eb0) Importer(815301076,1909f56bfc062723c751e8b465ee728b)
Start importing Assets/Models/Thanos/T_M_LRG_JIM_Gauntlet_S@channels=B.png using Guid(35ea14648bc777540b778a3541f70eb0) Importer(815301076,1909f56bfc062723c751e8b465ee728b)  -> (artifact id: 'c35d5bdd314cd2100bce96b09d3bb6cc') in 0.018270 seconds 
========================================================================
Received Import Request.
  Time since last request: 0.000031 seconds.
  path: Assets/Models/Thanos/T_M_LRG_Jim_Head_n.png
  artifactKey: Guid(1fa4cacbc54ad874c90c3b0e996a94aa) Importer(815301076,1909f56bfc062723c751e8b465ee728b)
Start importing Assets/Models/Thanos/T_M_LRG_Jim_Head_n.png using Guid(1fa4cacbc54ad874c90c3b0e996a94aa) Importer(815301076,1909f56bfc062723c751e8b465ee728b)  -> (artifact id: '001549501d5ae58805502a47f51b3abd') in 0.021401 seconds 
========================================================================
Received Import Request.
  Time since last request: 0.000035 seconds.
  path: Assets/Models/Thanos/T_M_LRG_Jim_Body_s@channels=G.png
  artifactKey: Guid(1e83971fd8b37d24f948f09d92c5fd1a) Importer(815301076,1909f56bfc062723c751e8b465ee728b)
Start importing Assets/Models/Thanos/T_M_LRG_Jim_Body_s@channels=G.png using Guid(1e83971fd8b37d24f948f09d92c5fd1a) Importer(815301076,1909f56bfc062723c751e8b465ee728b)  -> (artifact id: 'a27fa376483cc3da3266a2284fd92ce2') in 0.017465 seconds 
========================================================================
Received Import Request.
  Time since last request: 0.000017 seconds.
  path: Assets/Models/Thanos/T_M_LRG_Jim_Helmet_d.png
  artifactKey: Guid(521815585d0e4af448a8951bcf5ad8db) Importer(815301076,1909f56bfc062723c751e8b465ee728b)
Start importing Assets/Models/Thanos/T_M_LRG_Jim_Helmet_d.png using Guid(521815585d0e4af448a8951bcf5ad8db) Importer(815301076,1909f56bfc062723c751e8b465ee728b)  -> (artifact id: '69a76cb2921238f6c7d1336a8b0a4a1e') in 0.020486 seconds 
========================================================================
Received Import Request.
  Time since last request: 0.000026 seconds.
  path: Assets/Models/Thanos/T_M_LRG_JIM_Gauntlet_M.png
  artifactKey: Guid(eaf29f4ee41e89346b02db6907b0e436) Importer(815301076,1909f56bfc062723c751e8b465ee728b)
Start importing Assets/Models/Thanos/T_M_LRG_JIM_Gauntlet_M.png using Guid(eaf29f4ee41e89346b02db6907b0e436) Importer(815301076,1909f56bfc062723c751e8b465ee728b)  -> (artifact id: '2e345ce259bc06599ffbb3839f304307') in 0.014085 seconds 
========================================================================
Received Import Request.
  Time since last request: 0.000015 seconds.
  path: Assets/Models/Thanos/T_M_LRG_Jim_Head_d_tga.png
  artifactKey: Guid(fa04c77e045aeb944ab723432a71be58) Importer(815301076,1909f56bfc062723c751e8b465ee728b)
Start importing Assets/Models/Thanos/T_M_LRG_Jim_Head_d_tga.png using Guid(fa04c77e045aeb944ab723432a71be58) Importer(815301076,1909f56bfc062723c751e8b465ee728b)  -> (artifact id: '15d29a12841f88d25b50aab88b47402b') in 0.018594 seconds 
Editor requested this worker to shutdown with reason: Scaling down because of idle timeout
AssetImportWorker is now disconnected from the server
Process exiting
Exiting without the bug reporter. Application will terminate with return code 0