Using pre-set license
Built from '2021.2/staging' branch; Version is '2021.2.8f1 (d0e5f0a7b06a) revision 13690352'; Using compiler version '192829333'; Build Type 'Release'
OS: 'Windows 11  (10.0.22000) 64bit Core' Language: 'en' Physical Memory: 16198 MB
BatchMode: 1, IsHumanControllingUs: 0, StartBugReporterOnCrash: 0, Is64bit: 1, IsPro: 0

COMMAND LINE ARGUMENTS:
C:\Program Files\Unity\Hub\Editor\2021.2.8f1\Editor\Unity.exe
-adb2
-batchMode
-noUpm
-name
AssetImportWorker11
-projectPath
C:/Users/Bianca Palileo/Desktop/GE2Assignment
-logFile
Logs/AssetImportWorker11.log
-srvPort
58272
Successfully changed project path to: C:/Users/Bianca Palileo/Desktop/GE2Assignment
C:/Users/Bianca Palileo/Desktop/GE2Assignment
[UnityMemory] Configuration Parameters - Can be set up in boot.config
    "memorysetup-bucket-allocator-granularity=16"
    "memorysetup-bucket-allocator-bucket-count=8"
    "memorysetup-bucket-allocator-block-size=33554432"
    "memorysetup-bucket-allocator-block-count=8"
    "memorysetup-main-allocator-block-size=16777216"
    "memorysetup-thread-allocator-block-size=16777216"
    "memorysetup-gfx-main-allocator-block-size=16777216"
    "memorysetup-gfx-thread-allocator-block-size=16777216"
    "memorysetup-cache-allocator-block-size=4194304"
    "memorysetup-typetree-allocator-block-size=2097152"
    "memorysetup-profiler-bucket-allocator-granularity=16"
    "memorysetup-profiler-bucket-allocator-bucket-count=8"
    "memorysetup-profiler-bucket-allocator-block-size=33554432"
    "memorysetup-profiler-bucket-allocator-block-count=8"
    "memorysetup-profiler-allocator-block-size=16777216"
    "memorysetup-profiler-editor-allocator-block-size=1048576"
    "memorysetup-temp-allocator-size-main=16777216"
    "memorysetup-job-temp-allocator-block-size=2097152"
    "memorysetup-job-temp-allocator-block-size-background=1048576"
    "memorysetup-job-temp-allocator-reduction-small-platforms=262144"
    "memorysetup-temp-allocator-size-background-worker=32768"
    "memorysetup-temp-allocator-size-job-worker=262144"
    "memorysetup-temp-allocator-size-preload-manager=33554432"
    "memorysetup-temp-allocator-size-nav-mesh-worker=65536"
    "memorysetup-temp-allocator-size-audio-worker=65536"
    "memorysetup-temp-allocator-size-cloud-worker=32768"
    "memorysetup-temp-allocator-size-gi-baking-worker=262144"
    "memorysetup-temp-allocator-size-gfx=262144"
Refreshing native plugins compatible for Editor in 22.91 ms, found 2 plugins.
Preloading 0 native plugins for Editor in 0.00 ms.
Initialize engine version: 2021.2.8f1 (d0e5f0a7b06a)
[Subsystems] Discovering subsystems at path C:/Program Files/Unity/Hub/Editor/2021.2.8f1/Editor/Data/Resources/UnitySubsystems
[Subsystems] Discovering subsystems at path C:/Users/Bianca Palileo/Desktop/GE2Assignment/Assets
GfxDevice: creating device client; threaded=0; jobified=0
Direct3D:
    Version:  Direct3D 11.0 [level 11.1]
    Renderer: NVIDIA GeForce RTX 2070 (ID=0x1f14)
    Vendor:   NVIDIA
    VRAM:     8031 MB
    Driver:   30.0.15.1165
Initialize mono
Mono path[0] = 'C:/Program Files/Unity/Hub/Editor/2021.2.8f1/Editor/Data/Managed'
Mono path[1] = 'C:/Program Files/Unity/Hub/Editor/2021.2.8f1/Editor/Data/MonoBleedingEdge/lib/mono/unityjit-win32'
Mono config path = 'C:/Program Files/Unity/Hub/Editor/2021.2.8f1/Editor/Data/MonoBleedingEdge/etc'
Using monoOptions --debugger-agent=transport=dt_socket,embedding=1,server=y,suspend=n,address=127.0.0.1:56748
Begin MonoManager ReloadAssembly
Registering precompiled unity dll's ...
Register platform support module: C:/Program Files/Unity/Hub/Editor/2021.2.8f1/Editor/Data/PlaybackEngines/WindowsStandaloneSupport/UnityEditor.WindowsStandalone.Extensions.dll
Registered in 0.003581 seconds.
Native extension for WindowsStandalone target not found
Refreshing native plugins compatible for Editor in 23.20 ms, found 2 plugins.
Preloading 0 native plugins for Editor in 0.00 ms.
Mono: successfully reloaded assembly
- Completed reload, in  0.480 seconds
Domain Reload Profiling:
	ReloadAssembly (480ms)
		BeginReloadAssembly (55ms)
			ExecutionOrderSort (0ms)
			DisableScriptedObjects (0ms)
			BackupInstance (0ms)
			ReleaseScriptingObjects (0ms)
			CreateAndSetChildDomain (1ms)
		EndReloadAssembly (359ms)
			LoadAssemblies (52ms)
			RebuildTransferFunctionScriptingTraits (0ms)
			SetupTypeCache (93ms)
			ReleaseScriptCaches (0ms)
			RebuildScriptCaches (22ms)
			SetupLoadedEditorAssemblies (201ms)
				LogAssemblyErrors (0ms)
				InitializePlatformSupportModulesInManaged (13ms)
				SetLoadedEditorAssemblies (0ms)
				RefreshPlugins (23ms)
				BeforeProcessingInitializeOnLoad (1ms)
				ProcessInitializeOnLoadAttributes (124ms)
				ProcessInitializeOnLoadMethodAttributes (40ms)
				AfterProcessingInitializeOnLoad (0ms)
				EditorAssembliesLoaded (0ms)
			ExecutionOrderSort2 (0ms)
			AwakeInstancesAfterBackupRestoration (0ms)
Platform modules already initialized, skipping
Registering precompiled user dll's ...
Registered in 0.003339 seconds.
Begin MonoManager ReloadAssembly
Native extension for WindowsStandalone target not found
Refreshing native plugins compatible for Editor in 0.29 ms, found 2 plugins.
Preloading 0 native plugins for Editor in 0.00 ms.
Mono: successfully reloaded assembly
- Completed reload, in  0.697 seconds
Domain Reload Profiling:
	ReloadAssembly (698ms)
		BeginReloadAssembly (86ms)
			ExecutionOrderSort (0ms)
			DisableScriptedObjects (5ms)
			BackupInstance (0ms)
			ReleaseScriptingObjects (0ms)
			CreateAndSetChildDomain (17ms)
		EndReloadAssembly (530ms)
			LoadAssemblies (50ms)
			RebuildTransferFunctionScriptingTraits (0ms)
			SetupTypeCache (158ms)
			ReleaseScriptCaches (0ms)
			RebuildScriptCaches (39ms)
			SetupLoadedEditorAssemblies (244ms)
				LogAssemblyErrors (0ms)
				InitializePlatformSupportModulesInManaged (10ms)
				SetLoadedEditorAssemblies (0ms)
				RefreshPlugins (0ms)
				BeforeProcessingInitializeOnLoad (39ms)
				ProcessInitializeOnLoadAttributes (172ms)
				ProcessInitializeOnLoadMethodAttributes (18ms)
				AfterProcessingInitializeOnLoad (4ms)
				EditorAssembliesLoaded (0ms)
			ExecutionOrderSort2 (0ms)
			AwakeInstancesAfterBackupRestoration (4ms)
Platform modules already initialized, skipping
========================================================================
Worker process is ready to serve import requests
Launched and connected shader compiler UnityShaderCompiler.exe after 0.06 seconds
Refreshing native plugins compatible for Editor in 0.33 ms, found 2 plugins.
Preloading 0 native plugins for Editor in 0.00 ms.
Unloading 1525 Unused Serialized files (Serialized files now loaded: 0)
Unloading 19 unused Assets / (48.4 KB). Loaded Objects now: 2007.
Memory consumption went from 80.8 MB to 80.8 MB.
Total: 3.221300 ms (FindLiveObjects: 0.164100 ms CreateObjectMapping: 0.122400 ms MarkObjects: 2.865200 ms  DeleteObjects: 0.068400 ms)

AssetImportParameters requested are different than current active one (requested -> active):
  custom:video-decoder-ogg-theora: a1e56fd34408186e4bbccfd4996cb3dc -> 
  custom:container-muxer-webm: aa71ff27fc2769a1b78a27578f13a17b -> 
  custom:container-demuxer-webm: 4f35f7cbe854078d1ac9338744f61a02 -> 
  custom:video-encoder-webm-vp8: eb34c28f22e8b96e1ab97ce403110664 -> 
  custom:audio-encoder-webm-vorbis: bf7c407c2cedff20999df2af8eb42d56 -> 
  custom:framework-win-MediaFoundation: 216162199b28c13a410421893ffa2e32 -> 
  custom:container-demuxer-ogg: 62fdf1f143b41e24485cea50d1cbac27 -> 
  custom:video-decoder-webm-vp8: 9c59270c3fd7afecdb556c50c9e8de78 -> 
  custom:audio-decoder-ogg-vorbis: bf7c407c2cedff20999df2af8eb42d56 -> 
========================================================================
Received Import Request.
  Time since last request: 1396935.255635 seconds.
  path: Assets/Models/Starlord/Body.mat
  artifactKey: Guid(44af7f4bc4b454244afc570146ee782e) Importer(815301076,1909f56bfc062723c751e8b465ee728b)
Start importing Assets/Models/Starlord/Body.mat using Guid(44af7f4bc4b454244afc570146ee782e) Importer(815301076,1909f56bfc062723c751e8b465ee728b)  -> (artifact id: '23e0ed1db51251b856da664eef1de914') in 0.102204 seconds 
========================================================================
Received Import Request.
  Time since last request: 7.022084 seconds.
  path: Assets/Models/Starlord/Face.mat
  artifactKey: Guid(b3cc1bdbb7269b24ab31a33d1bb94552) Importer(815301076,1909f56bfc062723c751e8b465ee728b)
Start importing Assets/Models/Starlord/Face.mat using Guid(b3cc1bdbb7269b24ab31a33d1bb94552) Importer(815301076,1909f56bfc062723c751e8b465ee728b)  -> (artifact id: 'daff6f322c3b46f7f7849d17dbae936b') in 0.024036 seconds 
========================================================================
Received Import Request.
  Time since last request: 11.943133 seconds.
  path: Assets/Models/Starlord/Jacket.mat
  artifactKey: Guid(e0fc303f851653644aa31b33947702a5) Importer(815301076,1909f56bfc062723c751e8b465ee728b)
Start importing Assets/Models/Starlord/Jacket.mat using Guid(e0fc303f851653644aa31b33947702a5) Importer(815301076,1909f56bfc062723c751e8b465ee728b)  -> (artifact id: '6a2470b495772b7ea87f9278f82b2cc4') in 0.012903 seconds 
========================================================================
Received Import Request.
  Time since last request: 7.485165 seconds.
  path: Assets/Models/Starlord/Misc.mat
  artifactKey: Guid(4c08766237fd5154798b878fbdb13664) Importer(815301076,1909f56bfc062723c751e8b465ee728b)
Start importing Assets/Models/Starlord/Misc.mat using Guid(4c08766237fd5154798b878fbdb13664) Importer(815301076,1909f56bfc062723c751e8b465ee728b)  -> (artifact id: '9a3afcbf97f916d1edcaaa3ad7eeaac4') in 0.011643 seconds 
========================================================================
Received Import Request.
  Time since last request: 38.652606 seconds.
  path: Assets/Models/Starlord/model.dae
  artifactKey: Guid(4b76163369893f84593b12d23261655c) Importer(815301076,1909f56bfc062723c751e8b465ee728b)
Start importing Assets/Models/Starlord/model.dae using Guid(4b76163369893f84593b12d23261655c) Importer(815301076,1909f56bfc062723c751e8b465ee728b)  -> (artifact id: 'b7ec27bacaace22e67fbc9a59336b81b') in 0.064323 seconds 
========================================================================
Received Import Request.
  Time since last request: 90.563386 seconds.
  path: Assets/Models/Starlord/model.dae
  artifactKey: Guid(4b76163369893f84593b12d23261655c) Importer(815301076,1909f56bfc062723c751e8b465ee728b)
Start importing Assets/Models/Starlord/model.dae using Guid(4b76163369893f84593b12d23261655c) Importer(815301076,1909f56bfc062723c751e8b465ee728b)  -> (artifact id: '689b43855ba9d3dd7a645bf34b1c0f5f') in 0.046564 seconds 
========================================================================
Received Import Request.
  Time since last request: 62.949245 seconds.
  path: Assets/Models/Starlord/Body.mat
  artifactKey: Guid(44af7f4bc4b454244afc570146ee782e) Importer(815301076,1909f56bfc062723c751e8b465ee728b)
Start importing Assets/Models/Starlord/Body.mat using Guid(44af7f4bc4b454244afc570146ee782e) Importer(815301076,1909f56bfc062723c751e8b465ee728b)  -> (artifact id: '1183b3de408110f50bcef92f687eefd3') in 0.016831 seconds 
========================================================================
Received Import Request.
  Time since last request: 0.000016 seconds.
  path: Assets/Models/Starlord/Jacket.mat
  artifactKey: Guid(e0fc303f851653644aa31b33947702a5) Importer(815301076,1909f56bfc062723c751e8b465ee728b)
Start importing Assets/Models/Starlord/Jacket.mat using Guid(e0fc303f851653644aa31b33947702a5) Importer(815301076,1909f56bfc062723c751e8b465ee728b)  -> (artifact id: '1058b4ea3d7de8471489192b7fbdc3a0') in 0.016971 seconds 
Editor requested this worker to shutdown with reason: Scaling down because of idle timeout
AssetImportWorker is now disconnected from the server
Process exiting
Exiting without the bug reporter. Application will terminate with return code 0