Using pre-set license
Built from '2021.2/staging' branch; Version is '2021.2.8f1 (d0e5f0a7b06a) revision 13690352'; Using compiler version '192829333'; Build Type 'Release'
OS: 'Windows 11  (10.0.22000) 64bit Core' Language: 'en' Physical Memory: 16198 MB
BatchMode: 1, IsHumanControllingUs: 0, StartBugReporterOnCrash: 0, Is64bit: 1, IsPro: 0

COMMAND LINE ARGUMENTS:
C:\Program Files\Unity\Hub\Editor\2021.2.8f1\Editor\Unity.exe
-adb2
-batchMode
-noUpm
-name
AssetImportWorker8
-projectPath
C:/Users/Bianca Palileo/Desktop/GE2Assignment
-logFile
Logs/AssetImportWorker8.log
-srvPort
58272
Successfully changed project path to: C:/Users/Bianca Palileo/Desktop/GE2Assignment
C:/Users/Bianca Palileo/Desktop/GE2Assignment
[UnityMemory] Configuration Parameters - Can be set up in boot.config
    "memorysetup-bucket-allocator-granularity=16"
    "memorysetup-bucket-allocator-bucket-count=8"
    "memorysetup-bucket-allocator-block-size=33554432"
    "memorysetup-bucket-allocator-block-count=8"
    "memorysetup-main-allocator-block-size=16777216"
    "memorysetup-thread-allocator-block-size=16777216"
    "memorysetup-gfx-main-allocator-block-size=16777216"
    "memorysetup-gfx-thread-allocator-block-size=16777216"
    "memorysetup-cache-allocator-block-size=4194304"
    "memorysetup-typetree-allocator-block-size=2097152"
    "memorysetup-profiler-bucket-allocator-granularity=16"
    "memorysetup-profiler-bucket-allocator-bucket-count=8"
    "memorysetup-profiler-bucket-allocator-block-size=33554432"
    "memorysetup-profiler-bucket-allocator-block-count=8"
    "memorysetup-profiler-allocator-block-size=16777216"
    "memorysetup-profiler-editor-allocator-block-size=1048576"
    "memorysetup-temp-allocator-size-main=16777216"
    "memorysetup-job-temp-allocator-block-size=2097152"
    "memorysetup-job-temp-allocator-block-size-background=1048576"
    "memorysetup-job-temp-allocator-reduction-small-platforms=262144"
    "memorysetup-temp-allocator-size-background-worker=32768"
    "memorysetup-temp-allocator-size-job-worker=262144"
    "memorysetup-temp-allocator-size-preload-manager=33554432"
    "memorysetup-temp-allocator-size-nav-mesh-worker=65536"
    "memorysetup-temp-allocator-size-audio-worker=65536"
    "memorysetup-temp-allocator-size-cloud-worker=32768"
    "memorysetup-temp-allocator-size-gi-baking-worker=262144"
    "memorysetup-temp-allocator-size-gfx=262144"
Refreshing native plugins compatible for Editor in 27.33 ms, found 2 plugins.
Preloading 0 native plugins for Editor in 0.00 ms.
Initialize engine version: 2021.2.8f1 (d0e5f0a7b06a)
[Subsystems] Discovering subsystems at path C:/Program Files/Unity/Hub/Editor/2021.2.8f1/Editor/Data/Resources/UnitySubsystems
[Subsystems] Discovering subsystems at path C:/Users/Bianca Palileo/Desktop/GE2Assignment/Assets
GfxDevice: creating device client; threaded=0; jobified=0
Direct3D:
    Version:  Direct3D 11.0 [level 11.1]
    Renderer: NVIDIA GeForce RTX 2070 (ID=0x1f14)
    Vendor:   NVIDIA
    VRAM:     8031 MB
    Driver:   30.0.15.1165
Initialize mono
Mono path[0] = 'C:/Program Files/Unity/Hub/Editor/2021.2.8f1/Editor/Data/Managed'
Mono path[1] = 'C:/Program Files/Unity/Hub/Editor/2021.2.8f1/Editor/Data/MonoBleedingEdge/lib/mono/unityjit-win32'
Mono config path = 'C:/Program Files/Unity/Hub/Editor/2021.2.8f1/Editor/Data/MonoBleedingEdge/etc'
Using monoOptions --debugger-agent=transport=dt_socket,embedding=1,server=y,suspend=n,address=127.0.0.1:56480
Begin MonoManager ReloadAssembly
Registering precompiled unity dll's ...
Register platform support module: C:/Program Files/Unity/Hub/Editor/2021.2.8f1/Editor/Data/PlaybackEngines/WindowsStandaloneSupport/UnityEditor.WindowsStandalone.Extensions.dll
Registered in 0.003512 seconds.
Native extension for WindowsStandalone target not found
Refreshing native plugins compatible for Editor in 21.96 ms, found 2 plugins.
Preloading 0 native plugins for Editor in 0.00 ms.
Mono: successfully reloaded assembly
- Completed reload, in  0.481 seconds
Domain Reload Profiling:
	ReloadAssembly (481ms)
		BeginReloadAssembly (58ms)
			ExecutionOrderSort (0ms)
			DisableScriptedObjects (0ms)
			BackupInstance (0ms)
			ReleaseScriptingObjects (0ms)
			CreateAndSetChildDomain (1ms)
		EndReloadAssembly (355ms)
			LoadAssemblies (57ms)
			RebuildTransferFunctionScriptingTraits (0ms)
			SetupTypeCache (94ms)
			ReleaseScriptCaches (0ms)
			RebuildScriptCaches (23ms)
			SetupLoadedEditorAssemblies (193ms)
				LogAssemblyErrors (0ms)
				InitializePlatformSupportModulesInManaged (13ms)
				SetLoadedEditorAssemblies (0ms)
				RefreshPlugins (22ms)
				BeforeProcessingInitializeOnLoad (1ms)
				ProcessInitializeOnLoadAttributes (120ms)
				ProcessInitializeOnLoadMethodAttributes (37ms)
				AfterProcessingInitializeOnLoad (0ms)
				EditorAssembliesLoaded (0ms)
			ExecutionOrderSort2 (0ms)
			AwakeInstancesAfterBackupRestoration (0ms)
Platform modules already initialized, skipping
Registering precompiled user dll's ...
Registered in 0.002758 seconds.
Begin MonoManager ReloadAssembly
Native extension for WindowsStandalone target not found
Refreshing native plugins compatible for Editor in 0.28 ms, found 2 plugins.
Preloading 0 native plugins for Editor in 0.00 ms.
Mono: successfully reloaded assembly
- Completed reload, in  0.674 seconds
Domain Reload Profiling:
	ReloadAssembly (675ms)
		BeginReloadAssembly (89ms)
			ExecutionOrderSort (0ms)
			DisableScriptedObjects (5ms)
			BackupInstance (0ms)
			ReleaseScriptingObjects (0ms)
			CreateAndSetChildDomain (18ms)
		EndReloadAssembly (506ms)
			LoadAssemblies (55ms)
			RebuildTransferFunctionScriptingTraits (0ms)
			SetupTypeCache (148ms)
			ReleaseScriptCaches (0ms)
			RebuildScriptCaches (34ms)
			SetupLoadedEditorAssemblies (240ms)
				LogAssemblyErrors (0ms)
				InitializePlatformSupportModulesInManaged (10ms)
				SetLoadedEditorAssemblies (0ms)
				RefreshPlugins (0ms)
				BeforeProcessingInitializeOnLoad (38ms)
				ProcessInitializeOnLoadAttributes (168ms)
				ProcessInitializeOnLoadMethodAttributes (20ms)
				AfterProcessingInitializeOnLoad (5ms)
				EditorAssembliesLoaded (0ms)
			ExecutionOrderSort2 (0ms)
			AwakeInstancesAfterBackupRestoration (4ms)
Platform modules already initialized, skipping
========================================================================
Worker process is ready to serve import requests
Launched and connected shader compiler UnityShaderCompiler.exe after 0.06 seconds
Refreshing native plugins compatible for Editor in 0.28 ms, found 2 plugins.
Preloading 0 native plugins for Editor in 0.00 ms.
Unloading 1525 Unused Serialized files (Serialized files now loaded: 0)
Unloading 19 unused Assets / (48.3 KB). Loaded Objects now: 2006.
Memory consumption went from 80.8 MB to 80.8 MB.
Total: 2.307100 ms (FindLiveObjects: 0.156500 ms CreateObjectMapping: 0.060100 ms MarkObjects: 2.015000 ms  DeleteObjects: 0.074500 ms)

AssetImportParameters requested are different than current active one (requested -> active):
  custom:video-decoder-ogg-theora: a1e56fd34408186e4bbccfd4996cb3dc -> 
  custom:container-muxer-webm: aa71ff27fc2769a1b78a27578f13a17b -> 
  custom:container-demuxer-webm: 4f35f7cbe854078d1ac9338744f61a02 -> 
  custom:video-encoder-webm-vp8: eb34c28f22e8b96e1ab97ce403110664 -> 
  custom:audio-encoder-webm-vorbis: bf7c407c2cedff20999df2af8eb42d56 -> 
  custom:framework-win-MediaFoundation: 216162199b28c13a410421893ffa2e32 -> 
  custom:container-demuxer-ogg: 62fdf1f143b41e24485cea50d1cbac27 -> 
  custom:video-decoder-webm-vp8: 9c59270c3fd7afecdb556c50c9e8de78 -> 
  custom:audio-decoder-ogg-vorbis: bf7c407c2cedff20999df2af8eb42d56 -> 
========================================================================
Received Import Request.
  Time since last request: 1396268.891340 seconds.
  path: Assets/Models/BlackPanther/0.fbx
  artifactKey: Guid(a20f244eb9fc63b499d63bdcd2b870f0) Importer(815301076,1909f56bfc062723c751e8b465ee728b)
Start importing Assets/Models/BlackPanther/0.fbx using Guid(a20f244eb9fc63b499d63bdcd2b870f0) Importer(815301076,1909f56bfc062723c751e8b465ee728b)  -> (artifact id: 'f58839a45cff7d619d88363068ebaf3d') in 0.182376 seconds 
========================================================================
Received Import Request.
  Time since last request: 111.372707 seconds.
  path: Assets/Models/BlackPanther/0.fbx
  artifactKey: Guid(a20f244eb9fc63b499d63bdcd2b870f0) Importer(815301076,1909f56bfc062723c751e8b465ee728b)
Start importing Assets/Models/BlackPanther/0.fbx using Guid(a20f244eb9fc63b499d63bdcd2b870f0) Importer(815301076,1909f56bfc062723c751e8b465ee728b)  -> (artifact id: '34782785569e1fd44d3655d7fd33f6cf') in 0.099087 seconds 
========================================================================
Received Import Request.
  Time since last request: 114.502149 seconds.
  path: Assets/Models/BlackPanther/0.dae
  artifactKey: Guid(cb25bd5e33cc3ad45b5a4c3e0260f40b) Importer(815301076,1909f56bfc062723c751e8b465ee728b)
Start importing Assets/Models/BlackPanther/0.dae using Guid(cb25bd5e33cc3ad45b5a4c3e0260f40b) Importer(815301076,1909f56bfc062723c751e8b465ee728b)  -> (artifact id: 'ea26e9bfb6c9bf393659285242d288b7') in 0.042211 seconds 
========================================================================
Received Import Request.
  Time since last request: 16.340116 seconds.
  path: Assets/Models/BlackPanther/0.mtl
  artifactKey: Guid(6280d80f9d898254fac4485664308aee) Importer(815301076,1909f56bfc062723c751e8b465ee728b)
Start importing Assets/Models/BlackPanther/0.mtl using Guid(6280d80f9d898254fac4485664308aee) Importer(815301076,1909f56bfc062723c751e8b465ee728b)  -> (artifact id: '86c63c2d09f9b0640d0e56937c7c0b38') in 0.006901 seconds 
========================================================================
Received Import Request.
  Time since last request: 19.587736 seconds.
  path: Assets/Models/BlackPanther/0.obj
  artifactKey: Guid(3aa5651f6f03b12449b2746b0bfa3f48) Importer(815301076,1909f56bfc062723c751e8b465ee728b)
Start importing Assets/Models/BlackPanther/0.obj using Guid(3aa5651f6f03b12449b2746b0bfa3f48) Importer(815301076,1909f56bfc062723c751e8b465ee728b)  -> (artifact id: '81d640ceb3a662dd4def77fda27d3b89') in 0.077440 seconds 
========================================================================
Received Import Request.
  Time since last request: 0.000019 seconds.
  path: Assets/Models/BlackPanther/25_eyes_0.1_0_0.012.mat
  artifactKey: Guid(6ea2d4cad107fc848a5103d4e559e783) Importer(815301076,1909f56bfc062723c751e8b465ee728b)
Start importing Assets/Models/BlackPanther/25_eyes_0.1_0_0.012.mat using Guid(6ea2d4cad107fc848a5103d4e559e783) Importer(815301076,1909f56bfc062723c751e8b465ee728b)  -> (artifact id: 'cbf0bd1edde01ce26c18d93e9b4377fd') in 0.041109 seconds 
========================================================================
Received Import Request.
  Time since last request: 0.000034 seconds.
  path: Assets/Models/BlackPanther/25_body_0.1_0_0.002.mat
  artifactKey: Guid(3b154e41ee5586c4780cced891060993) Importer(815301076,1909f56bfc062723c751e8b465ee728b)
Start importing Assets/Models/BlackPanther/25_body_0.1_0_0.002.mat using Guid(3b154e41ee5586c4780cced891060993) Importer(815301076,1909f56bfc062723c751e8b465ee728b)  -> (artifact id: 'ba8a193e6b155d588d81d5f23b49a174') in 0.066365 seconds 
========================================================================
Received Import Request.
  Time since last request: 0.000016 seconds.
  path: Assets/Models/BlackPanther/27_eyesenv_1_0_0.012.mat
  artifactKey: Guid(3f0f1203377a0cf4487716538174e24b) Importer(815301076,1909f56bfc062723c751e8b465ee728b)
Start importing Assets/Models/BlackPanther/27_eyesenv_1_0_0.012.mat using Guid(3f0f1203377a0cf4487716538174e24b) Importer(815301076,1909f56bfc062723c751e8b465ee728b)  -> (artifact id: '4f12dd9603e1b58dba1ed32425e3f006') in 0.048455 seconds 
========================================================================
Received Import Request.
  Time since last request: 0.000018 seconds.
  path: Assets/Models/BlackPanther/0.fbx
  artifactKey: Guid(a20f244eb9fc63b499d63bdcd2b870f0) Importer(815301076,1909f56bfc062723c751e8b465ee728b)
Start importing Assets/Models/BlackPanther/0.fbx using Guid(a20f244eb9fc63b499d63bdcd2b870f0) Importer(815301076,1909f56bfc062723c751e8b465ee728b)  -> (artifact id: '9302fe4f1c743714b3a62bd3bf648f45') in 0.081828 seconds 
========================================================================
Received Import Request.
  Time since last request: 94.333480 seconds.
  path: Assets/Models/Nebula/0 1.obj
  artifactKey: Guid(c28d2010b8d835847af4c41d6ad4d7c4) Importer(815301076,1909f56bfc062723c751e8b465ee728b)
Start importing Assets/Models/Nebula/0 1.obj using Guid(c28d2010b8d835847af4c41d6ad4d7c4) Importer(815301076,1909f56bfc062723c751e8b465ee728b)  -> (artifact id: 'c08a57d2742fac51d87878718967aaae') in 0.039985 seconds 
========================================================================
Received Import Request.
  Time since last request: 0.000016 seconds.
  path: Assets/Models/Nebula/nw2 1.png
  artifactKey: Guid(2fd1021833d8eaa40b06ffa310dd4967) Importer(815301076,1909f56bfc062723c751e8b465ee728b)
Start importing Assets/Models/Nebula/nw2 1.png using Guid(2fd1021833d8eaa40b06ffa310dd4967) Importer(815301076,1909f56bfc062723c751e8b465ee728b)  -> (artifact id: 'a37e3a6b3f668d813e4b85a6df25ded7') in 0.042625 seconds 
========================================================================
Received Import Request.
  Time since last request: 0.000022 seconds.
  path: Assets/Models/Nebula/n2 1.png
  artifactKey: Guid(225c6477d28959844a7303bde38c3e43) Importer(815301076,1909f56bfc062723c751e8b465ee728b)
Start importing Assets/Models/Nebula/n2 1.png using Guid(225c6477d28959844a7303bde38c3e43) Importer(815301076,1909f56bfc062723c751e8b465ee728b)  -> (artifact id: '568cf6faeb7371df34f5d593708649b8') in 0.021761 seconds 
========================================================================
Received Import Request.
  Time since last request: 0.000018 seconds.
  path: Assets/Models/Nebula/nww 1.png
  artifactKey: Guid(a39de8c2eb2e8d040bb9d2717e52481e) Importer(815301076,1909f56bfc062723c751e8b465ee728b)
Start importing Assets/Models/Nebula/nww 1.png using Guid(a39de8c2eb2e8d040bb9d2717e52481e) Importer(815301076,1909f56bfc062723c751e8b465ee728b)  -> (artifact id: '9825bca7ac834fbb1729004f3959266e') in 0.015328 seconds 
========================================================================
Received Import Request.
  Time since last request: 0.000023 seconds.
  path: Assets/Models/Nebula/Nebula_wp_sp 1.png
  artifactKey: Guid(26de9441243e80b46bd4977beaa916fb) Importer(815301076,1909f56bfc062723c751e8b465ee728b)
Start importing Assets/Models/Nebula/Nebula_wp_sp 1.png using Guid(26de9441243e80b46bd4977beaa916fb) Importer(815301076,1909f56bfc062723c751e8b465ee728b)  -> (artifact id: 'e2581d463b6586945be7be4357c250a0') in 0.015332 seconds 
========================================================================
Received Import Request.
  Time since last request: 0.000048 seconds.
  path: Assets/Models/Nebula/sv_nebula03_02_sp 1.png
  artifactKey: Guid(aa02ce8f298608b4fb0aeb1c52e3926b) Importer(815301076,1909f56bfc062723c751e8b465ee728b)
Start importing Assets/Models/Nebula/sv_nebula03_02_sp 1.png using Guid(aa02ce8f298608b4fb0aeb1c52e3926b) Importer(815301076,1909f56bfc062723c751e8b465ee728b)  -> (artifact id: '2b0a26aa451cc8f4826a3517dac044d0') in 0.015901 seconds 
========================================================================
Received Import Request.
  Time since last request: 0.000018 seconds.
  path: Assets/Models/Nebula/Nebula_wp 1.png
  artifactKey: Guid(814f0eb9446a7bf48a29acf7a7017bde) Importer(815301076,1909f56bfc062723c751e8b465ee728b)
Start importing Assets/Models/Nebula/Nebula_wp 1.png using Guid(814f0eb9446a7bf48a29acf7a7017bde) Importer(815301076,1909f56bfc062723c751e8b465ee728b)  -> (artifact id: 'bb77a451208361c56c8e252d20db9df4') in 0.014394 seconds 
========================================================================
Received Import Request.
  Time since last request: 24.219586 seconds.
  path: Assets/Models/Nebula/Nebula.mat
  artifactKey: Guid(b4e376fcc807dd240b5aa76189aab491) Importer(815301076,1909f56bfc062723c751e8b465ee728b)
Start importing Assets/Models/Nebula/Nebula.mat using Guid(b4e376fcc807dd240b5aa76189aab491) Importer(815301076,1909f56bfc062723c751e8b465ee728b)  -> (artifact id: 'b9447bb0ea5457b31bbd330186bec587') in 0.013166 seconds 
========================================================================
Received Import Request.
  Time since last request: 32.450693 seconds.
  path: Assets/Starfield Skybox/Demo/Textures/Back_Tex.png
  artifactKey: Guid(b692a498a0379a341872703d288b04af) Importer(815301076,1909f56bfc062723c751e8b465ee728b)
Start importing Assets/Starfield Skybox/Demo/Textures/Back_Tex.png using Guid(b692a498a0379a341872703d288b04af) Importer(815301076,1909f56bfc062723c751e8b465ee728b)  -> (artifact id: 'a00297832491327b4398c6fba0b776c6') in 0.082103 seconds 
========================================================================
Received Import Request.
  Time since last request: 0.000035 seconds.
  path: Assets/Starfield Skybox/Demo/Textures/Left_Tex.png
  artifactKey: Guid(80f1020b68f9b794994187bf41ba9d21) Importer(815301076,1909f56bfc062723c751e8b465ee728b)
Start importing Assets/Starfield Skybox/Demo/Textures/Left_Tex.png using Guid(80f1020b68f9b794994187bf41ba9d21) Importer(815301076,1909f56bfc062723c751e8b465ee728b)  -> (artifact id: 'f27d90d992c7dfc81f5b63791affc3f5') in 0.053248 seconds 
========================================================================
Received Import Request.
  Time since last request: 31.234147 seconds.
  path: Assets/Models/Nebula/0.obj
  artifactKey: Guid(f62c382dda277a04899db2da8be9b82d) Importer(815301076,1909f56bfc062723c751e8b465ee728b)
Start importing Assets/Models/Nebula/0.obj using Guid(f62c382dda277a04899db2da8be9b82d) Importer(815301076,1909f56bfc062723c751e8b465ee728b)  -> (artifact id: 'f503bfac2fc5046e465043ba4eb3be84') in 0.044632 seconds 
========================================================================
Received Import Request.
  Time since last request: 93.159760 seconds.
  path: Assets/Models/Nebula/0.obj
  artifactKey: Guid(f62c382dda277a04899db2da8be9b82d) Importer(815301076,1909f56bfc062723c751e8b465ee728b)
Start importing Assets/Models/Nebula/0.obj using Guid(f62c382dda277a04899db2da8be9b82d) Importer(815301076,1909f56bfc062723c751e8b465ee728b)  -> (artifact id: '302c6a43f5e9f2bcd2b93b7cc7f50a7d') in 0.047954 seconds 
========================================================================
Received Import Request.
  Time since last request: 103.745337 seconds.
  path: Assets/Models/Starlord/textures
  artifactKey: Guid(cc056e51639150e47858fa010e3a9c62) Importer(815301076,1909f56bfc062723c751e8b465ee728b)
Start importing Assets/Models/Starlord/textures using Guid(cc056e51639150e47858fa010e3a9c62) Importer(815301076,1909f56bfc062723c751e8b465ee728b)  -> (artifact id: '5d1112d5096d703c15596228d42a7b0e') in 0.003595 seconds 
========================================================================
Received Import Request.
  Time since last request: 0.063244 seconds.
  path: Assets/Models/Starlord/textures/Body_Shader_albedo.jpg
  artifactKey: Guid(67e736e0808b17a4db1dc5db884c2e51) Importer(815301076,1909f56bfc062723c751e8b465ee728b)
Start importing Assets/Models/Starlord/textures/Body_Shader_albedo.jpg using Guid(67e736e0808b17a4db1dc5db884c2e51) Importer(815301076,1909f56bfc062723c751e8b465ee728b)  -> (artifact id: 'c86a4f5ce232ce2b4106b7c0a4c2f097') in 0.014652 seconds 
========================================================================
Received Import Request.
  Time since last request: 0.000019 seconds.
  path: Assets/Models/Starlord/textures/Face_Shader_roughness.jpg
  artifactKey: Guid(51ecd0f0adc54b645a644f01aade5881) Importer(815301076,1909f56bfc062723c751e8b465ee728b)
Start importing Assets/Models/Starlord/textures/Face_Shader_roughness.jpg using Guid(51ecd0f0adc54b645a644f01aade5881) Importer(815301076,1909f56bfc062723c751e8b465ee728b)  -> (artifact id: 'f96ad4afbfc71a89d42f794150d0d025') in 0.013459 seconds 
========================================================================
Received Import Request.
  Time since last request: 0.000023 seconds.
  path: Assets/Models/Starlord/textures/Jacket_Shader_emissive.jpg
  artifactKey: Guid(9c23a7a6907edbe4abad6107a2eda56f) Importer(815301076,1909f56bfc062723c751e8b465ee728b)
Start importing Assets/Models/Starlord/textures/Jacket_Shader_emissive.jpg using Guid(9c23a7a6907edbe4abad6107a2eda56f) Importer(815301076,1909f56bfc062723c751e8b465ee728b)  -> (artifact id: 'e95c18cf20f1fe6783f19ecd1999c391') in 0.011285 seconds 
========================================================================
Received Import Request.
  Time since last request: 0.000041 seconds.
  path: Assets/Models/Starlord/textures/Face_Shader_opacity.jpg
  artifactKey: Guid(d5f69c11f7434134da9691d82e660298) Importer(815301076,1909f56bfc062723c751e8b465ee728b)
Start importing Assets/Models/Starlord/textures/Face_Shader_opacity.jpg using Guid(d5f69c11f7434134da9691d82e660298) Importer(815301076,1909f56bfc062723c751e8b465ee728b)  -> (artifact id: '3c408c0134216fcc1a49eecab35f4136') in 0.012546 seconds 
========================================================================
Received Import Request.
  Time since last request: 0.000041 seconds.
  path: Assets/Models/Starlord/textures/Body_Shader_roughness.jpg
  artifactKey: Guid(5d0933cef84a433458301ea58eee6266) Importer(815301076,1909f56bfc062723c751e8b465ee728b)
Start importing Assets/Models/Starlord/textures/Body_Shader_roughness.jpg using Guid(5d0933cef84a433458301ea58eee6266) Importer(815301076,1909f56bfc062723c751e8b465ee728b)  -> (artifact id: '05c6dcaed41368c86dbd290549350395') in 0.012165 seconds 
========================================================================
Received Import Request.
  Time since last request: 0.000016 seconds.
  path: Assets/Models/Starlord/textures/Misc_Shader_normal.png
  artifactKey: Guid(3d8d2814817941c498c2339d21a6e141) Importer(815301076,1909f56bfc062723c751e8b465ee728b)
Start importing Assets/Models/Starlord/textures/Misc_Shader_normal.png using Guid(3d8d2814817941c498c2339d21a6e141) Importer(815301076,1909f56bfc062723c751e8b465ee728b)  -> (artifact id: '7c882db46ed06fedd038b9a6f24bd10f') in 0.012122 seconds 
========================================================================
Received Import Request.
  Time since last request: 0.000017 seconds.
  path: Assets/Models/Starlord/textures/Misc_Shader_emissive.jpg
  artifactKey: Guid(a3f75842976e8a94792145f582bba3ea) Importer(815301076,1909f56bfc062723c751e8b465ee728b)
Start importing Assets/Models/Starlord/textures/Misc_Shader_emissive.jpg using Guid(a3f75842976e8a94792145f582bba3ea) Importer(815301076,1909f56bfc062723c751e8b465ee728b)  -> (artifact id: '45a856c0f07eb1658d9fbffadf9ec517') in 0.007274 seconds 
========================================================================
Received Import Request.
  Time since last request: 0.000014 seconds.
  path: Assets/Models/Starlord/textures/Misc_Shader_roughness.jpg
  artifactKey: Guid(88b84b4a24274c445a4f2e28b7ac2d4f) Importer(815301076,1909f56bfc062723c751e8b465ee728b)
Start importing Assets/Models/Starlord/textures/Misc_Shader_roughness.jpg using Guid(88b84b4a24274c445a4f2e28b7ac2d4f) Importer(815301076,1909f56bfc062723c751e8b465ee728b)  -> (artifact id: 'd8c661a6951d6db1fd96ff5182e92ec4') in 0.013344 seconds 
========================================================================
Received Import Request.
  Time since last request: 0.000018 seconds.
  path: Assets/Models/Starlord/textures/Body_Shader_normal.png
  artifactKey: Guid(e3b5633e16019424e9482f3bfc0ef998) Importer(815301076,1909f56bfc062723c751e8b465ee728b)
Start importing Assets/Models/Starlord/textures/Body_Shader_normal.png using Guid(e3b5633e16019424e9482f3bfc0ef998) Importer(815301076,1909f56bfc062723c751e8b465ee728b)  -> (artifact id: '8181b14a3ce090d85059d2be0d1ba606') in 0.014606 seconds 
========================================================================
Received Import Request.
  Time since last request: 0.000035 seconds.
  path: Assets/Models/Starlord/textures/Misc_Shader_albedo.jpg
  artifactKey: Guid(77806e33b8650124b94936dc7b173705) Importer(815301076,1909f56bfc062723c751e8b465ee728b)
Start importing Assets/Models/Starlord/textures/Misc_Shader_albedo.jpg using Guid(77806e33b8650124b94936dc7b173705) Importer(815301076,1909f56bfc062723c751e8b465ee728b)  -> (artifact id: '1ec0b1d3336e0c2cc2c1020ab654d1d1') in 0.016544 seconds 
========================================================================
Received Import Request.
  Time since last request: 0.000021 seconds.
  path: Assets/Models/Starlord/textures/Jacket_Shader_normal.png
  artifactKey: Guid(102e23ce3a27afd4b88af06c0b78b1d5) Importer(815301076,1909f56bfc062723c751e8b465ee728b)
Start importing Assets/Models/Starlord/textures/Jacket_Shader_normal.png using Guid(102e23ce3a27afd4b88af06c0b78b1d5) Importer(815301076,1909f56bfc062723c751e8b465ee728b)  -> (artifact id: 'ae3ec543dc47cfb44bf5d071094bacd2') in 0.014943 seconds 
========================================================================
Received Import Request.
  Time since last request: 0.000019 seconds.
  path: Assets/Models/Starlord/textures/Face_Shader_albedo.jpg
  artifactKey: Guid(86ca3ee3631697d438606fcbc3ecb354) Importer(815301076,1909f56bfc062723c751e8b465ee728b)
Start importing Assets/Models/Starlord/textures/Face_Shader_albedo.jpg using Guid(86ca3ee3631697d438606fcbc3ecb354) Importer(815301076,1909f56bfc062723c751e8b465ee728b)  -> (artifact id: '4b0e181ab2c46ed6dda77df65059b500') in 0.013252 seconds 
========================================================================
Received Import Request.
  Time since last request: 0.000081 seconds.
  path: Assets/Models/Starlord/textures/Face_Shader_normal.png
  artifactKey: Guid(b2d5796aaaeeb3a43b895b9b045f94fa) Importer(815301076,1909f56bfc062723c751e8b465ee728b)
Start importing Assets/Models/Starlord/textures/Face_Shader_normal.png using Guid(b2d5796aaaeeb3a43b895b9b045f94fa) Importer(815301076,1909f56bfc062723c751e8b465ee728b)  -> (artifact id: '1ec6d56faf8b0936ce136b30c6bd41d9') in 0.014195 seconds 
========================================================================
Received Import Request.
  Time since last request: 0.000023 seconds.
  path: Assets/Models/Starlord/textures/Jacket_Shader_albedo.jpg
  artifactKey: Guid(e4021ad9bbbfbd642a23e8e4aaf59a22) Importer(815301076,1909f56bfc062723c751e8b465ee728b)
Start importing Assets/Models/Starlord/textures/Jacket_Shader_albedo.jpg using Guid(e4021ad9bbbfbd642a23e8e4aaf59a22) Importer(815301076,1909f56bfc062723c751e8b465ee728b)  -> (artifact id: 'd1fbe296c597bb5ec94bda898527c9ab') in 0.014534 seconds 
========================================================================
Received Import Request.
  Time since last request: 242.888122 seconds.
  path: Assets/Models/Starlord/Face.mat
  artifactKey: Guid(b3cc1bdbb7269b24ab31a33d1bb94552) Importer(815301076,1909f56bfc062723c751e8b465ee728b)
Start importing Assets/Models/Starlord/Face.mat using Guid(b3cc1bdbb7269b24ab31a33d1bb94552) Importer(815301076,1909f56bfc062723c751e8b465ee728b)  -> (artifact id: 'd8a2df944a0e116f5bc0c2d859f96f5d') in 0.015510 seconds 
========================================================================
Received Import Request.
  Time since last request: 0.000019 seconds.
  path: Assets/Models/Starlord/Misc.mat
  artifactKey: Guid(4c08766237fd5154798b878fbdb13664) Importer(815301076,1909f56bfc062723c751e8b465ee728b)
Start importing Assets/Models/Starlord/Misc.mat using Guid(4c08766237fd5154798b878fbdb13664) Importer(815301076,1909f56bfc062723c751e8b465ee728b)  -> (artifact id: '13bac330a090402ca17a6092dccacf5b') in 0.014939 seconds 
========================================================================
Received Import Request.
  Time since last request: 0.000026 seconds.
  path: Assets/Models/Starlord/model.dae
  artifactKey: Guid(4b76163369893f84593b12d23261655c) Importer(815301076,1909f56bfc062723c751e8b465ee728b)
Start importing Assets/Models/Starlord/model.dae using Guid(4b76163369893f84593b12d23261655c) Importer(815301076,1909f56bfc062723c751e8b465ee728b)  -> (artifact id: '42c6d04ee511e3076f0da76fef5f029e') in 0.053329 seconds 
========================================================================
Received Prepare
Registering precompiled user dll's ...
Registered in 0.002381 seconds.
Begin MonoManager ReloadAssembly
Native extension for WindowsStandalone target not found
Refreshing native plugins compatible for Editor in 0.31 ms, found 2 plugins.
Preloading 0 native plugins for Editor in 0.00 ms.
Mono: successfully reloaded assembly
- Completed reload, in  0.924 seconds
Domain Reload Profiling:
	ReloadAssembly (924ms)
		BeginReloadAssembly (112ms)
			ExecutionOrderSort (0ms)
			DisableScriptedObjects (5ms)
			BackupInstance (0ms)
			ReleaseScriptingObjects (0ms)
			CreateAndSetChildDomain (28ms)
		EndReloadAssembly (684ms)
			LoadAssemblies (62ms)
			RebuildTransferFunctionScriptingTraits (0ms)
			SetupTypeCache (174ms)
			ReleaseScriptCaches (1ms)
			RebuildScriptCaches (42ms)
			SetupLoadedEditorAssemblies (353ms)
				LogAssemblyErrors (0ms)
				InitializePlatformSupportModulesInManaged (11ms)
				SetLoadedEditorAssemblies (1ms)
				RefreshPlugins (0ms)
				BeforeProcessingInitializeOnLoad (45ms)
				ProcessInitializeOnLoadAttributes (271ms)
				ProcessInitializeOnLoadMethodAttributes (20ms)
				AfterProcessingInitializeOnLoad (5ms)
				EditorAssembliesLoaded (0ms)
			ExecutionOrderSort2 (0ms)
			AwakeInstancesAfterBackupRestoration (15ms)
Platform modules already initialized, skipping
Refreshing native plugins compatible for Editor in 0.29 ms, found 2 plugins.
Preloading 0 native plugins for Editor in 0.00 ms.
Unloading 1523 Unused Serialized files (Serialized files now loaded: 0)
Unloading 14 unused Assets / (31.7 KB). Loaded Objects now: 2366.
Memory consumption went from 108.4 MB to 108.3 MB.
Total: 2.026700 ms (FindLiveObjects: 0.164300 ms CreateObjectMapping: 0.066700 ms MarkObjects: 1.780900 ms  DeleteObjects: 0.013700 ms)

AssetImportParameters requested are different than current active one (requested -> active):
  custom:video-decoder-ogg-theora: a1e56fd34408186e4bbccfd4996cb3dc -> 
  custom:container-muxer-webm: aa71ff27fc2769a1b78a27578f13a17b -> 
  custom:container-demuxer-webm: 4f35f7cbe854078d1ac9338744f61a02 -> 
  custom:video-encoder-webm-vp8: eb34c28f22e8b96e1ab97ce403110664 -> 
  custom:audio-encoder-webm-vorbis: bf7c407c2cedff20999df2af8eb42d56 -> 
  custom:framework-win-MediaFoundation: 216162199b28c13a410421893ffa2e32 -> 
  custom:container-demuxer-ogg: 62fdf1f143b41e24485cea50d1cbac27 -> 
  custom:video-decoder-webm-vp8: 9c59270c3fd7afecdb556c50c9e8de78 -> 
  custom:audio-decoder-ogg-vorbis: bf7c407c2cedff20999df2af8eb42d56 -> 
========================================================================
Received Prepare
Registering precompiled user dll's ...
Registered in 0.002629 seconds.
Begin MonoManager ReloadAssembly
Native extension for WindowsStandalone target not found
Refreshing native plugins compatible for Editor in 0.28 ms, found 2 plugins.
Preloading 0 native plugins for Editor in 0.00 ms.
Mono: successfully reloaded assembly
- Completed reload, in  0.892 seconds
Domain Reload Profiling:
	ReloadAssembly (892ms)
		BeginReloadAssembly (116ms)
			ExecutionOrderSort (0ms)
			DisableScriptedObjects (7ms)
			BackupInstance (0ms)
			ReleaseScriptingObjects (0ms)
			CreateAndSetChildDomain (25ms)
		EndReloadAssembly (653ms)
			LoadAssemblies (57ms)
			RebuildTransferFunctionScriptingTraits (0ms)
			SetupTypeCache (197ms)
			ReleaseScriptCaches (1ms)
			RebuildScriptCaches (46ms)
			SetupLoadedEditorAssemblies (267ms)
				LogAssemblyErrors (0ms)
				InitializePlatformSupportModulesInManaged (10ms)
				SetLoadedEditorAssemblies (0ms)
				RefreshPlugins (0ms)
				BeforeProcessingInitializeOnLoad (41ms)
				ProcessInitializeOnLoadAttributes (190ms)
				ProcessInitializeOnLoadMethodAttributes (19ms)
				AfterProcessingInitializeOnLoad (6ms)
				EditorAssembliesLoaded (0ms)
			ExecutionOrderSort2 (0ms)
			AwakeInstancesAfterBackupRestoration (14ms)
Platform modules already initialized, skipping
Refreshing native plugins compatible for Editor in 0.30 ms, found 2 plugins.
Preloading 0 native plugins for Editor in 0.00 ms.
Unloading 1522 Unused Serialized files (Serialized files now loaded: 0)
Unloading 14 unused Assets / (31.7 KB). Loaded Objects now: 2370.
Memory consumption went from 151.0 MB to 151.0 MB.
Total: 2.197600 ms (FindLiveObjects: 0.188300 ms CreateObjectMapping: 0.065700 ms MarkObjects: 1.927600 ms  DeleteObjects: 0.014900 ms)

AssetImportParameters requested are different than current active one (requested -> active):
  custom:video-decoder-ogg-theora: a1e56fd34408186e4bbccfd4996cb3dc -> 
  custom:container-muxer-webm: aa71ff27fc2769a1b78a27578f13a17b -> 
  custom:container-demuxer-webm: 4f35f7cbe854078d1ac9338744f61a02 -> 
  custom:video-encoder-webm-vp8: eb34c28f22e8b96e1ab97ce403110664 -> 
  custom:audio-encoder-webm-vorbis: bf7c407c2cedff20999df2af8eb42d56 -> 
  custom:framework-win-MediaFoundation: 216162199b28c13a410421893ffa2e32 -> 
  custom:container-demuxer-ogg: 62fdf1f143b41e24485cea50d1cbac27 -> 
  custom:video-decoder-webm-vp8: 9c59270c3fd7afecdb556c50c9e8de78 -> 
  custom:audio-decoder-ogg-vorbis: bf7c407c2cedff20999df2af8eb42d56 -> 
========================================================================
Received Import Request.
  Time since last request: 468.266677 seconds.
  path: Assets/Models/Hulk/d1.png
  artifactKey: Guid(5573b780994adec45b1155a552acbf43) Importer(815301076,1909f56bfc062723c751e8b465ee728b)
Start importing Assets/Models/Hulk/d1.png using Guid(5573b780994adec45b1155a552acbf43) Importer(815301076,1909f56bfc062723c751e8b465ee728b)  -> (artifact id: '4c2623da29a5a0d7a18717e3ee625a03') in 0.044445 seconds 
========================================================================
Received Import Request.
  Time since last request: 0.000015 seconds.
  path: Assets/Models/Hulk/d3.png
  artifactKey: Guid(401118bfcce544a4eb24f9fc1970ebf2) Importer(815301076,1909f56bfc062723c751e8b465ee728b)
Start importing Assets/Models/Hulk/d3.png using Guid(401118bfcce544a4eb24f9fc1970ebf2) Importer(815301076,1909f56bfc062723c751e8b465ee728b)  -> (artifact id: '3ec3bf6272412e71313d71c77a036d3b') in 0.022503 seconds 
========================================================================
Received Import Request.
  Time since last request: 0.000023 seconds.
  path: Assets/Models/Hulk/n1.png
  artifactKey: Guid(1ff7e37cc096f9345a3b53320b555af1) Importer(815301076,1909f56bfc062723c751e8b465ee728b)
Start importing Assets/Models/Hulk/n1.png using Guid(1ff7e37cc096f9345a3b53320b555af1) Importer(815301076,1909f56bfc062723c751e8b465ee728b)  -> (artifact id: 'b016813530586bea785e595155fc654b') in 0.025104 seconds 
========================================================================
Received Import Request.
  Time since last request: 0.000073 seconds.
  path: Assets/Models/Hulk/hulksp1.png
  artifactKey: Guid(66344d10bbb56884e8143e6fcf24d713) Importer(815301076,1909f56bfc062723c751e8b465ee728b)
Start importing Assets/Models/Hulk/hulksp1.png using Guid(66344d10bbb56884e8143e6fcf24d713) Importer(815301076,1909f56bfc062723c751e8b465ee728b)  -> (artifact id: 'e635189fa1d9853007f8be401c59f56b') in 0.016467 seconds 
========================================================================
Received Import Request.
  Time since last request: 0.000039 seconds.
  path: Assets/Models/Hulk/n3.png
  artifactKey: Guid(0157a3b7c48676840b5fc6d320240e3d) Importer(815301076,1909f56bfc062723c751e8b465ee728b)
Start importing Assets/Models/Hulk/n3.png using Guid(0157a3b7c48676840b5fc6d320240e3d) Importer(815301076,1909f56bfc062723c751e8b465ee728b)  -> (artifact id: 'fdbe0d652703896befe9ab23e062ddce') in 0.017337 seconds 
========================================================================
Received Import Request.
  Time since last request: 0.000017 seconds.
  path: Assets/Models/Hulk/n2.png
  artifactKey: Guid(f2eb85f4efea2f94387691acd5673d20) Importer(815301076,1909f56bfc062723c751e8b465ee728b)
Start importing Assets/Models/Hulk/n2.png using Guid(f2eb85f4efea2f94387691acd5673d20) Importer(815301076,1909f56bfc062723c751e8b465ee728b)  -> (artifact id: 'b5a402c28447e47faf6509d5e9a82eb7') in 0.015982 seconds 
========================================================================
Received Import Request.
  Time since last request: 0.000032 seconds.
  path: Assets/Models/Hulk/d2.png
  artifactKey: Guid(5b5a00108478f214b86e34c74a8c23ec) Importer(815301076,1909f56bfc062723c751e8b465ee728b)
Start importing Assets/Models/Hulk/d2.png using Guid(5b5a00108478f214b86e34c74a8c23ec) Importer(815301076,1909f56bfc062723c751e8b465ee728b)  -> (artifact id: '6b7d342dd27ff272b7fda959a8371c5e') in 0.014858 seconds 
========================================================================
Received Import Request.
  Time since last request: 0.000023 seconds.
  path: Assets/Models/Hulk/hulksp3.png
  artifactKey: Guid(ffd2061175ab0e04fac489000ef5cbc5) Importer(815301076,1909f56bfc062723c751e8b465ee728b)
Start importing Assets/Models/Hulk/hulksp3.png using Guid(ffd2061175ab0e04fac489000ef5cbc5) Importer(815301076,1909f56bfc062723c751e8b465ee728b)  -> (artifact id: 'd2a4bc7454615e0ab2ddf1ff6d82473b') in 0.014620 seconds 
Editor requested this worker to shutdown with reason: Scaling down because of idle timeout
AssetImportWorker is now disconnected from the server
Process exiting
Exiting without the bug reporter. Application will terminate with return code 0