Using pre-set license
Built from '2021.2/staging' branch; Version is '2021.2.8f1 (d0e5f0a7b06a) revision 13690352'; Using compiler version '192829333'; Build Type 'Release'
OS: 'Windows 11  (10.0.22000) 64bit Core' Language: 'en' Physical Memory: 16198 MB
BatchMode: 1, IsHumanControllingUs: 0, StartBugReporterOnCrash: 0, Is64bit: 1, IsPro: 0

COMMAND LINE ARGUMENTS:
C:\Program Files\Unity\Hub\Editor\2021.2.8f1\Editor\Unity.exe
-adb2
-batchMode
-noUpm
-name
AssetImportWorker6
-projectPath
C:/Users/Bianca Palileo/Desktop/GE2Assignment
-logFile
Logs/AssetImportWorker6.log
-srvPort
58272
Successfully changed project path to: C:/Users/Bianca Palileo/Desktop/GE2Assignment
C:/Users/Bianca Palileo/Desktop/GE2Assignment
[UnityMemory] Configuration Parameters - Can be set up in boot.config
    "memorysetup-bucket-allocator-granularity=16"
    "memorysetup-bucket-allocator-bucket-count=8"
    "memorysetup-bucket-allocator-block-size=33554432"
    "memorysetup-bucket-allocator-block-count=8"
    "memorysetup-main-allocator-block-size=16777216"
    "memorysetup-thread-allocator-block-size=16777216"
    "memorysetup-gfx-main-allocator-block-size=16777216"
    "memorysetup-gfx-thread-allocator-block-size=16777216"
    "memorysetup-cache-allocator-block-size=4194304"
    "memorysetup-typetree-allocator-block-size=2097152"
    "memorysetup-profiler-bucket-allocator-granularity=16"
    "memorysetup-profiler-bucket-allocator-bucket-count=8"
    "memorysetup-profiler-bucket-allocator-block-size=33554432"
    "memorysetup-profiler-bucket-allocator-block-count=8"
    "memorysetup-profiler-allocator-block-size=16777216"
    "memorysetup-profiler-editor-allocator-block-size=1048576"
    "memorysetup-temp-allocator-size-main=16777216"
    "memorysetup-job-temp-allocator-block-size=2097152"
    "memorysetup-job-temp-allocator-block-size-background=1048576"
    "memorysetup-job-temp-allocator-reduction-small-platforms=262144"
    "memorysetup-temp-allocator-size-background-worker=32768"
    "memorysetup-temp-allocator-size-job-worker=262144"
    "memorysetup-temp-allocator-size-preload-manager=33554432"
    "memorysetup-temp-allocator-size-nav-mesh-worker=65536"
    "memorysetup-temp-allocator-size-audio-worker=65536"
    "memorysetup-temp-allocator-size-cloud-worker=32768"
    "memorysetup-temp-allocator-size-gi-baking-worker=262144"
    "memorysetup-temp-allocator-size-gfx=262144"
Refreshing native plugins compatible for Editor in 23.91 ms, found 2 plugins.
Preloading 0 native plugins for Editor in 0.00 ms.
Initialize engine version: 2021.2.8f1 (d0e5f0a7b06a)
[Subsystems] Discovering subsystems at path C:/Program Files/Unity/Hub/Editor/2021.2.8f1/Editor/Data/Resources/UnitySubsystems
[Subsystems] Discovering subsystems at path C:/Users/Bianca Palileo/Desktop/GE2Assignment/Assets
GfxDevice: creating device client; threaded=0; jobified=0
Direct3D:
    Version:  Direct3D 11.0 [level 11.1]
    Renderer: NVIDIA GeForce RTX 2070 (ID=0x1f14)
    Vendor:   NVIDIA
    VRAM:     8031 MB
    Driver:   30.0.15.1165
Initialize mono
Mono path[0] = 'C:/Program Files/Unity/Hub/Editor/2021.2.8f1/Editor/Data/Managed'
Mono path[1] = 'C:/Program Files/Unity/Hub/Editor/2021.2.8f1/Editor/Data/MonoBleedingEdge/lib/mono/unityjit-win32'
Mono config path = 'C:/Program Files/Unity/Hub/Editor/2021.2.8f1/Editor/Data/MonoBleedingEdge/etc'
Using monoOptions --debugger-agent=transport=dt_socket,embedding=1,server=y,suspend=n,address=127.0.0.1:56264
Begin MonoManager ReloadAssembly
Registering precompiled unity dll's ...
Register platform support module: C:/Program Files/Unity/Hub/Editor/2021.2.8f1/Editor/Data/PlaybackEngines/WindowsStandaloneSupport/UnityEditor.WindowsStandalone.Extensions.dll
Registered in 0.003592 seconds.
Native extension for WindowsStandalone target not found
Refreshing native plugins compatible for Editor in 21.62 ms, found 2 plugins.
Preloading 0 native plugins for Editor in 0.00 ms.
Mono: successfully reloaded assembly
- Completed reload, in  0.465 seconds
Domain Reload Profiling:
	ReloadAssembly (465ms)
		BeginReloadAssembly (55ms)
			ExecutionOrderSort (0ms)
			DisableScriptedObjects (0ms)
			BackupInstance (0ms)
			ReleaseScriptingObjects (0ms)
			CreateAndSetChildDomain (1ms)
		EndReloadAssembly (345ms)
			LoadAssemblies (53ms)
			RebuildTransferFunctionScriptingTraits (0ms)
			SetupTypeCache (94ms)
			ReleaseScriptCaches (0ms)
			RebuildScriptCaches (22ms)
			SetupLoadedEditorAssemblies (187ms)
				LogAssemblyErrors (0ms)
				InitializePlatformSupportModulesInManaged (12ms)
				SetLoadedEditorAssemblies (0ms)
				RefreshPlugins (22ms)
				BeforeProcessingInitializeOnLoad (1ms)
				ProcessInitializeOnLoadAttributes (117ms)
				ProcessInitializeOnLoadMethodAttributes (35ms)
				AfterProcessingInitializeOnLoad (0ms)
				EditorAssembliesLoaded (0ms)
			ExecutionOrderSort2 (0ms)
			AwakeInstancesAfterBackupRestoration (0ms)
Platform modules already initialized, skipping
Registering precompiled user dll's ...
Registered in 0.002558 seconds.
Begin MonoManager ReloadAssembly
Native extension for WindowsStandalone target not found
Refreshing native plugins compatible for Editor in 0.29 ms, found 2 plugins.
Preloading 0 native plugins for Editor in 0.00 ms.
Mono: successfully reloaded assembly
- Completed reload, in  0.652 seconds
Domain Reload Profiling:
	ReloadAssembly (653ms)
		BeginReloadAssembly (83ms)
			ExecutionOrderSort (0ms)
			DisableScriptedObjects (5ms)
			BackupInstance (0ms)
			ReleaseScriptingObjects (0ms)
			CreateAndSetChildDomain (16ms)
		EndReloadAssembly (493ms)
			LoadAssemblies (48ms)
			RebuildTransferFunctionScriptingTraits (0ms)
			SetupTypeCache (142ms)
			ReleaseScriptCaches (0ms)
			RebuildScriptCaches (34ms)
			SetupLoadedEditorAssemblies (236ms)
				LogAssemblyErrors (0ms)
				InitializePlatformSupportModulesInManaged (10ms)
				SetLoadedEditorAssemblies (0ms)
				RefreshPlugins (0ms)
				BeforeProcessingInitializeOnLoad (36ms)
				ProcessInitializeOnLoadAttributes (164ms)
				ProcessInitializeOnLoadMethodAttributes (20ms)
				AfterProcessingInitializeOnLoad (5ms)
				EditorAssembliesLoaded (0ms)
			ExecutionOrderSort2 (0ms)
			AwakeInstancesAfterBackupRestoration (4ms)
Platform modules already initialized, skipping
========================================================================
Worker process is ready to serve import requests
Launched and connected shader compiler UnityShaderCompiler.exe after 0.06 seconds
Refreshing native plugins compatible for Editor in 0.28 ms, found 2 plugins.
Preloading 0 native plugins for Editor in 0.00 ms.
Unloading 1525 Unused Serialized files (Serialized files now loaded: 0)
Unloading 19 unused Assets / (47.8 KB). Loaded Objects now: 2006.
Memory consumption went from 80.7 MB to 80.7 MB.
Total: 2.256000 ms (FindLiveObjects: 0.136100 ms CreateObjectMapping: 0.060700 ms MarkObjects: 1.982100 ms  DeleteObjects: 0.076000 ms)

AssetImportParameters requested are different than current active one (requested -> active):
  custom:video-decoder-ogg-theora: a1e56fd34408186e4bbccfd4996cb3dc -> 
  custom:container-muxer-webm: aa71ff27fc2769a1b78a27578f13a17b -> 
  custom:container-demuxer-webm: 4f35f7cbe854078d1ac9338744f61a02 -> 
  custom:video-encoder-webm-vp8: eb34c28f22e8b96e1ab97ce403110664 -> 
  custom:audio-encoder-webm-vorbis: bf7c407c2cedff20999df2af8eb42d56 -> 
  custom:framework-win-MediaFoundation: 216162199b28c13a410421893ffa2e32 -> 
  custom:container-demuxer-ogg: 62fdf1f143b41e24485cea50d1cbac27 -> 
  custom:video-decoder-webm-vp8: 9c59270c3fd7afecdb556c50c9e8de78 -> 
  custom:audio-decoder-ogg-vorbis: bf7c407c2cedff20999df2af8eb42d56 -> 
========================================================================
Received Import Request.
  Time since last request: 1395775.459428 seconds.
  path: Assets/Starfield Skybox
  artifactKey: Guid(afbb2dee6136bd243bd89b4683a84af0) Importer(815301076,1909f56bfc062723c751e8b465ee728b)
Start importing Assets/Starfield Skybox using Guid(afbb2dee6136bd243bd89b4683a84af0) Importer(815301076,1909f56bfc062723c751e8b465ee728b)  -> (artifact id: '84c3b5aacdb833cb0047429d0d32ad30') in 0.010297 seconds 
========================================================================
Received Import Request.
  Time since last request: 152.646266 seconds.
  path: Assets/Models/Nebula
  artifactKey: Guid(04337d53b04d18d42a86ba1af1019c0d) Importer(815301076,1909f56bfc062723c751e8b465ee728b)
Start importing Assets/Models/Nebula using Guid(04337d53b04d18d42a86ba1af1019c0d) Importer(815301076,1909f56bfc062723c751e8b465ee728b)  -> (artifact id: 'c282dd64dc601fae18dd431dd272bb61') in 0.007286 seconds 
========================================================================
Received Import Request.
  Time since last request: 14.293757 seconds.
  path: Assets/Models/Nebula/0.obj
  artifactKey: Guid(f62c382dda277a04899db2da8be9b82d) Importer(815301076,1909f56bfc062723c751e8b465ee728b)
Start importing Assets/Models/Nebula/0.obj using Guid(f62c382dda277a04899db2da8be9b82d) Importer(815301076,1909f56bfc062723c751e8b465ee728b)  -> (artifact id: '10c2ed5c98b10557d2b2cd64a1d7ee98') in 0.192348 seconds 
========================================================================
Received Import Request.
  Time since last request: 0.000024 seconds.
  path: Assets/Models/Nebula/sv_nebula03_wp02.png
  artifactKey: Guid(1edd1c0a02c141c499c4c064dd5a9bca) Importer(815301076,1909f56bfc062723c751e8b465ee728b)
Start importing Assets/Models/Nebula/sv_nebula03_wp02.png using Guid(1edd1c0a02c141c499c4c064dd5a9bca) Importer(815301076,1909f56bfc062723c751e8b465ee728b)  -> (artifact id: '066d1eab5bf25422ed1a90cd6287ad66') in 0.026015 seconds 
========================================================================
Received Import Request.
  Time since last request: 26.895645 seconds.
  path: Assets/Models/Nebula/0.obj
  artifactKey: Guid(f62c382dda277a04899db2da8be9b82d) Importer(815301076,1909f56bfc062723c751e8b465ee728b)
Start importing Assets/Models/Nebula/0.obj using Guid(f62c382dda277a04899db2da8be9b82d) Importer(815301076,1909f56bfc062723c751e8b465ee728b)  -> (artifact id: '171dab8f9886c3fbacb2bc5bbf6e3286') in 0.049889 seconds 
========================================================================
Received Import Request.
  Time since last request: 9.010786 seconds.
  path: Assets/Models/Nebula/0.obj
  artifactKey: Guid(f62c382dda277a04899db2da8be9b82d) Importer(815301076,1909f56bfc062723c751e8b465ee728b)
Start importing Assets/Models/Nebula/0.obj using Guid(f62c382dda277a04899db2da8be9b82d) Importer(815301076,1909f56bfc062723c751e8b465ee728b)  -> (artifact id: 'b2a525283799b52f88bbf7c25ee6f1b3') in 0.032371 seconds 
========================================================================
Received Import Request.
  Time since last request: 90.517647 seconds.
  path: Assets/Models/Nebula/1.obj
  artifactKey: Guid(a07eacba0f107ca4ea5e4374589916c6) Importer(815301076,1909f56bfc062723c751e8b465ee728b)
Start importing Assets/Models/Nebula/1.obj using Guid(a07eacba0f107ca4ea5e4374589916c6) Importer(815301076,1909f56bfc062723c751e8b465ee728b)  -> (artifact id: '21f1b00a152a9599c43acbc6824ac97f') in 0.074197 seconds 
========================================================================
Received Import Request.
  Time since last request: 116.628254 seconds.
  path: Assets/Models/BlackPanther
  artifactKey: Guid(b25b27ed21cd3b8418d4618437cd4cf4) Importer(815301076,1909f56bfc062723c751e8b465ee728b)
Start importing Assets/Models/BlackPanther using Guid(b25b27ed21cd3b8418d4618437cd4cf4) Importer(815301076,1909f56bfc062723c751e8b465ee728b)  -> (artifact id: 'd8353e59436ab96bb00ad3cb16f726cb') in 0.006007 seconds 
========================================================================
Received Import Request.
  Time since last request: 17.104106 seconds.
  path: Assets/Models/BlackPanther/0.dae
  artifactKey: Guid(cb25bd5e33cc3ad45b5a4c3e0260f40b) Importer(815301076,1909f56bfc062723c751e8b465ee728b)
Start importing Assets/Models/BlackPanther/0.dae using Guid(cb25bd5e33cc3ad45b5a4c3e0260f40b) Importer(815301076,1909f56bfc062723c751e8b465ee728b)  -> (artifact id: '538c30c42bd1c88f45e83048a0bddc8a') in 0.372019 seconds 
========================================================================
Received Import Request.
  Time since last request: 0.000020 seconds.
  path: Assets/Models/BlackPanther/gray_env.tga
  artifactKey: Guid(24f5577d7d9009443b54ac41782a6039) Importer(815301076,1909f56bfc062723c751e8b465ee728b)
Start importing Assets/Models/BlackPanther/gray_env.tga using Guid(24f5577d7d9009443b54ac41782a6039) Importer(815301076,1909f56bfc062723c751e8b465ee728b)  -> (artifact id: '29724ef08b5c8447db4c9be4d07c12e3') in 0.012105 seconds 
========================================================================
Received Import Request.
  Time since last request: 0.000053 seconds.
  path: Assets/Models/BlackPanther/body_s.tga
  artifactKey: Guid(75ceb71a952c8154b8c91b6234c76b37) Importer(815301076,1909f56bfc062723c751e8b465ee728b)
Start importing Assets/Models/BlackPanther/body_s.tga using Guid(75ceb71a952c8154b8c91b6234c76b37) Importer(815301076,1909f56bfc062723c751e8b465ee728b)  -> (artifact id: '7283929d712689e7b037ef0bb7f24717') in 0.013862 seconds 
========================================================================
Received Import Request.
  Time since last request: 0.000022 seconds.
  path: Assets/Models/BlackPanther/body_ao.tga
  artifactKey: Guid(163a8bdddf4c743469f0fbad3cd77dd7) Importer(815301076,1909f56bfc062723c751e8b465ee728b)
Start importing Assets/Models/BlackPanther/body_ao.tga using Guid(163a8bdddf4c743469f0fbad3cd77dd7) Importer(815301076,1909f56bfc062723c751e8b465ee728b)  -> (artifact id: '7c4d5f786624a0ffc1efe58eebfa41b3') in 0.016594 seconds 
========================================================================
Received Import Request.
  Time since last request: 0.000017 seconds.
  path: Assets/Models/BlackPanther/body_ao.tga.001.tga
  artifactKey: Guid(c2f389991380adf43a5a9eb925a5dabf) Importer(815301076,1909f56bfc062723c751e8b465ee728b)
Start importing Assets/Models/BlackPanther/body_ao.tga.001.tga using Guid(c2f389991380adf43a5a9eb925a5dabf) Importer(815301076,1909f56bfc062723c751e8b465ee728b)  -> (artifact id: '6922db1219e2297b0493a0839f18c643') in 0.015477 seconds 
========================================================================
Received Import Request.
  Time since last request: 0.000051 seconds.
  path: Assets/Models/BlackPanther/flat_ao.tga
  artifactKey: Guid(b37332e471688d740af890e401f422ff) Importer(815301076,1909f56bfc062723c751e8b465ee728b)
Start importing Assets/Models/BlackPanther/flat_ao.tga using Guid(b37332e471688d740af890e401f422ff) Importer(815301076,1909f56bfc062723c751e8b465ee728b)  -> (artifact id: '828e8fdf1e1b363889c0dd1ef1074dd4') in 0.016069 seconds 
========================================================================
Received Import Request.
  Time since last request: 327.608775 seconds.
  path: Assets/Models/BlackPanther/0.dae
  artifactKey: Guid(cb25bd5e33cc3ad45b5a4c3e0260f40b) Importer(815301076,1909f56bfc062723c751e8b465ee728b)
Start importing Assets/Models/BlackPanther/0.dae using Guid(cb25bd5e33cc3ad45b5a4c3e0260f40b) Importer(815301076,1909f56bfc062723c751e8b465ee728b)  -> (artifact id: '3545a1a9d04720e5c3bf5ad388845ad4') in 0.199137 seconds 
========================================================================
Received Import Request.
  Time since last request: 0.000021 seconds.
  path: Assets/Models/BlackPanther/27_grayenv_1_0_0.006.mat
  artifactKey: Guid(c33948537d7c59e4b98b9e25461ba7c3) Importer(815301076,1909f56bfc062723c751e8b465ee728b)
Start importing Assets/Models/BlackPanther/27_grayenv_1_0_0.006.mat using Guid(c33948537d7c59e4b98b9e25461ba7c3) Importer(815301076,1909f56bfc062723c751e8b465ee728b)  -> (artifact id: '741dfb3dfeeac3835847e16b472a8f9c') in 0.033199 seconds 
Editor requested this worker to shutdown with reason: Scaling down because of idle timeout
AssetImportWorker is now disconnected from the server
Process exiting
Exiting without the bug reporter. Application will terminate with return code 0