Using pre-set license
Built from '2021.2/staging' branch; Version is '2021.2.8f1 (d0e5f0a7b06a) revision 13690352'; Using compiler version '192829333'; Build Type 'Release'
OS: 'Windows 11  (10.0.22000) 64bit Core' Language: 'en' Physical Memory: 16198 MB
BatchMode: 1, IsHumanControllingUs: 0, StartBugReporterOnCrash: 0, Is64bit: 1, IsPro: 0

COMMAND LINE ARGUMENTS:
C:\Program Files\Unity\Hub\Editor\2021.2.8f1\Editor\Unity.exe
-adb2
-batchMode
-noUpm
-name
AssetImportWorker2
-projectPath
C:/Users/Bianca Palileo/Desktop/GE2Assignment
-logFile
Logs/AssetImportWorker2.log
-srvPort
58272
Successfully changed project path to: C:/Users/Bianca Palileo/Desktop/GE2Assignment
C:/Users/Bianca Palileo/Desktop/GE2Assignment
[UnityMemory] Configuration Parameters - Can be set up in boot.config
    "memorysetup-bucket-allocator-granularity=16"
    "memorysetup-bucket-allocator-bucket-count=8"
    "memorysetup-bucket-allocator-block-size=33554432"
    "memorysetup-bucket-allocator-block-count=8"
    "memorysetup-main-allocator-block-size=16777216"
    "memorysetup-thread-allocator-block-size=16777216"
    "memorysetup-gfx-main-allocator-block-size=16777216"
    "memorysetup-gfx-thread-allocator-block-size=16777216"
    "memorysetup-cache-allocator-block-size=4194304"
    "memorysetup-typetree-allocator-block-size=2097152"
    "memorysetup-profiler-bucket-allocator-granularity=16"
    "memorysetup-profiler-bucket-allocator-bucket-count=8"
    "memorysetup-profiler-bucket-allocator-block-size=33554432"
    "memorysetup-profiler-bucket-allocator-block-count=8"
    "memorysetup-profiler-allocator-block-size=16777216"
    "memorysetup-profiler-editor-allocator-block-size=1048576"
    "memorysetup-temp-allocator-size-main=16777216"
    "memorysetup-job-temp-allocator-block-size=2097152"
    "memorysetup-job-temp-allocator-block-size-background=1048576"
    "memorysetup-job-temp-allocator-reduction-small-platforms=262144"
    "memorysetup-temp-allocator-size-background-worker=32768"
    "memorysetup-temp-allocator-size-job-worker=262144"
    "memorysetup-temp-allocator-size-preload-manager=33554432"
    "memorysetup-temp-allocator-size-nav-mesh-worker=65536"
    "memorysetup-temp-allocator-size-audio-worker=65536"
    "memorysetup-temp-allocator-size-cloud-worker=32768"
    "memorysetup-temp-allocator-size-gi-baking-worker=262144"
    "memorysetup-temp-allocator-size-gfx=262144"
Refreshing native plugins compatible for Editor in 21.33 ms, found 2 plugins.
Preloading 0 native plugins for Editor in 0.00 ms.
Initialize engine version: 2021.2.8f1 (d0e5f0a7b06a)
[Subsystems] Discovering subsystems at path C:/Program Files/Unity/Hub/Editor/2021.2.8f1/Editor/Data/Resources/UnitySubsystems
[Subsystems] Discovering subsystems at path C:/Users/Bianca Palileo/Desktop/GE2Assignment/Assets
GfxDevice: creating device client; threaded=0; jobified=0
Direct3D:
    Version:  Direct3D 11.0 [level 11.1]
    Renderer: NVIDIA GeForce RTX 2070 (ID=0x1f14)
    Vendor:   NVIDIA
    VRAM:     8031 MB
    Driver:   30.0.15.1165
Initialize mono
Mono path[0] = 'C:/Program Files/Unity/Hub/Editor/2021.2.8f1/Editor/Data/Managed'
Mono path[1] = 'C:/Program Files/Unity/Hub/Editor/2021.2.8f1/Editor/Data/MonoBleedingEdge/lib/mono/unityjit-win32'
Mono config path = 'C:/Program Files/Unity/Hub/Editor/2021.2.8f1/Editor/Data/MonoBleedingEdge/etc'
Using monoOptions --debugger-agent=transport=dt_socket,embedding=1,server=y,suspend=n,address=127.0.0.1:56872
Begin MonoManager ReloadAssembly
Registering precompiled unity dll's ...
Register platform support module: C:/Program Files/Unity/Hub/Editor/2021.2.8f1/Editor/Data/PlaybackEngines/WindowsStandaloneSupport/UnityEditor.WindowsStandalone.Extensions.dll
Registered in 0.003515 seconds.
Native extension for WindowsStandalone target not found
Refreshing native plugins compatible for Editor in 22.32 ms, found 2 plugins.
Preloading 0 native plugins for Editor in 0.00 ms.
Mono: successfully reloaded assembly
- Completed reload, in  0.474 seconds
Domain Reload Profiling:
	ReloadAssembly (474ms)
		BeginReloadAssembly (58ms)
			ExecutionOrderSort (0ms)
			DisableScriptedObjects (0ms)
			BackupInstance (0ms)
			ReleaseScriptingObjects (0ms)
			CreateAndSetChildDomain (1ms)
		EndReloadAssembly (348ms)
			LoadAssemblies (57ms)
			RebuildTransferFunctionScriptingTraits (0ms)
			SetupTypeCache (85ms)
			ReleaseScriptCaches (0ms)
			RebuildScriptCaches (28ms)
			SetupLoadedEditorAssemblies (195ms)
				LogAssemblyErrors (0ms)
				InitializePlatformSupportModulesInManaged (14ms)
				SetLoadedEditorAssemblies (0ms)
				RefreshPlugins (22ms)
				BeforeProcessingInitializeOnLoad (1ms)
				ProcessInitializeOnLoadAttributes (119ms)
				ProcessInitializeOnLoadMethodAttributes (38ms)
				AfterProcessingInitializeOnLoad (0ms)
				EditorAssembliesLoaded (0ms)
			ExecutionOrderSort2 (0ms)
			AwakeInstancesAfterBackupRestoration (0ms)
Platform modules already initialized, skipping
Registering precompiled user dll's ...
Registered in 0.003022 seconds.
Begin MonoManager ReloadAssembly
Native extension for WindowsStandalone target not found
Refreshing native plugins compatible for Editor in 0.28 ms, found 2 plugins.
Preloading 0 native plugins for Editor in 0.00 ms.
Mono: successfully reloaded assembly
- Completed reload, in  0.695 seconds
Domain Reload Profiling:
	ReloadAssembly (695ms)
		BeginReloadAssembly (89ms)
			ExecutionOrderSort (0ms)
			DisableScriptedObjects (5ms)
			BackupInstance (0ms)
			ReleaseScriptingObjects (0ms)
			CreateAndSetChildDomain (17ms)
		EndReloadAssembly (519ms)
			LoadAssemblies (53ms)
			RebuildTransferFunctionScriptingTraits (0ms)
			SetupTypeCache (153ms)
			ReleaseScriptCaches (0ms)
			RebuildScriptCaches (35ms)
			SetupLoadedEditorAssemblies (248ms)
				LogAssemblyErrors (0ms)
				InitializePlatformSupportModulesInManaged (10ms)
				SetLoadedEditorAssemblies (0ms)
				RefreshPlugins (0ms)
				BeforeProcessingInitializeOnLoad (37ms)
				ProcessInitializeOnLoadAttributes (176ms)
				ProcessInitializeOnLoadMethodAttributes (21ms)
				AfterProcessingInitializeOnLoad (5ms)
				EditorAssembliesLoaded (0ms)
			ExecutionOrderSort2 (0ms)
			AwakeInstancesAfterBackupRestoration (4ms)
Platform modules already initialized, skipping
========================================================================
Worker process is ready to serve import requests
Launched and connected shader compiler UnityShaderCompiler.exe after 0.05 seconds
Refreshing native plugins compatible for Editor in 0.38 ms, found 2 plugins.
Preloading 0 native plugins for Editor in 0.00 ms.
Unloading 1524 Unused Serialized files (Serialized files now loaded: 0)
Unloading 19 unused Assets / (47.9 KB). Loaded Objects now: 2004.
Memory consumption went from 80.6 MB to 80.5 MB.
Total: 2.665900 ms (FindLiveObjects: 0.150400 ms CreateObjectMapping: 0.093800 ms MarkObjects: 2.346100 ms  DeleteObjects: 0.074100 ms)

AssetImportParameters requested are different than current active one (requested -> active):
  custom:video-decoder-ogg-theora: a1e56fd34408186e4bbccfd4996cb3dc -> 
  custom:container-muxer-webm: aa71ff27fc2769a1b78a27578f13a17b -> 
  custom:container-demuxer-webm: 4f35f7cbe854078d1ac9338744f61a02 -> 
  custom:video-encoder-webm-vp8: eb34c28f22e8b96e1ab97ce403110664 -> 
  custom:audio-encoder-webm-vorbis: bf7c407c2cedff20999df2af8eb42d56 -> 
  custom:framework-win-MediaFoundation: 216162199b28c13a410421893ffa2e32 -> 
  custom:container-demuxer-ogg: 62fdf1f143b41e24485cea50d1cbac27 -> 
  custom:video-decoder-webm-vp8: 9c59270c3fd7afecdb556c50c9e8de78 -> 
  custom:audio-decoder-ogg-vorbis: bf7c407c2cedff20999df2af8eb42d56 -> 
========================================================================
Received Import Request.
  Time since last request: 1387275.122036 seconds.
  path: Assets/8.obj
  artifactKey: Guid(85dd5e1d6a27f7342b26b3c5a5f0a2a5) Importer(815301076,1909f56bfc062723c751e8b465ee728b)
Start importing Assets/8.obj using Guid(85dd5e1d6a27f7342b26b3c5a5f0a2a5) Importer(815301076,1909f56bfc062723c751e8b465ee728b)  -> (artifact id: 'd110b8b66fbc10dca872a53ee7a0607b') in 0.196088 seconds 
========================================================================
Received Import Request.
  Time since last request: 53.606404 seconds.
  path: Assets/Models
  artifactKey: Guid(36d46286d14dd4d4280872f9481035aa) Importer(815301076,1909f56bfc062723c751e8b465ee728b)
Start importing Assets/Models using Guid(36d46286d14dd4d4280872f9481035aa) Importer(815301076,1909f56bfc062723c751e8b465ee728b)  -> (artifact id: '4323dd6213d40fd4cd93ba97eafe45e1') in 0.008231 seconds 
========================================================================
Received Import Request.
  Time since last request: 378.317520 seconds.
  path: Assets/Models/8.obj
  artifactKey: Guid(2c4752cabb2f9274abcd5e872dfd1137) Importer(815301076,1909f56bfc062723c751e8b465ee728b)
Start importing Assets/Models/8.obj using Guid(2c4752cabb2f9274abcd5e872dfd1137) Importer(815301076,1909f56bfc062723c751e8b465ee728b)  -> (artifact id: 'c19eaacf67a5bf3509fb0370379e1c8b') in 0.074841 seconds 
========================================================================
Received Import Request.
  Time since last request: 161.671225 seconds.
  path: Assets/Materials
  artifactKey: Guid(3e3e2137e30566242a311f5a04c5d7e0) Importer(815301076,1909f56bfc062723c751e8b465ee728b)
Start importing Assets/Materials using Guid(3e3e2137e30566242a311f5a04c5d7e0) Importer(815301076,1909f56bfc062723c751e8b465ee728b)  -> (artifact id: '2511347ef5efacb4df65dfe83d2b5267') in 0.007105 seconds 
========================================================================
Received Prepare
Registering precompiled user dll's ...
Registered in 0.002578 seconds.
Begin MonoManager ReloadAssembly
Native extension for WindowsStandalone target not found
Refreshing native plugins compatible for Editor in 0.49 ms, found 2 plugins.
Preloading 0 native plugins for Editor in 0.00 ms.
Mono: successfully reloaded assembly
- Completed reload, in  0.783 seconds
Domain Reload Profiling:
	ReloadAssembly (783ms)
		BeginReloadAssembly (121ms)
			ExecutionOrderSort (0ms)
			DisableScriptedObjects (4ms)
			BackupInstance (0ms)
			ReleaseScriptingObjects (0ms)
			CreateAndSetChildDomain (30ms)
		EndReloadAssembly (571ms)
			LoadAssemblies (60ms)
			RebuildTransferFunctionScriptingTraits (0ms)
			SetupTypeCache (174ms)
			ReleaseScriptCaches (2ms)
			RebuildScriptCaches (43ms)
			SetupLoadedEditorAssemblies (252ms)
				LogAssemblyErrors (0ms)
				InitializePlatformSupportModulesInManaged (12ms)
				SetLoadedEditorAssemblies (1ms)
				RefreshPlugins (1ms)
				BeforeProcessingInitializeOnLoad (40ms)
				ProcessInitializeOnLoadAttributes (173ms)
				ProcessInitializeOnLoadMethodAttributes (20ms)
				AfterProcessingInitializeOnLoad (6ms)
				EditorAssembliesLoaded (0ms)
			ExecutionOrderSort2 (0ms)
			AwakeInstancesAfterBackupRestoration (5ms)
Platform modules already initialized, skipping
Refreshing native plugins compatible for Editor in 0.47 ms, found 2 plugins.
Preloading 0 native plugins for Editor in 0.00 ms.
Unloading 1520 Unused Serialized files (Serialized files now loaded: 0)
Unloading 14 unused Assets / (31.7 KB). Loaded Objects now: 2049.
Memory consumption went from 84.9 MB to 84.8 MB.
Total: 2.116100 ms (FindLiveObjects: 0.155100 ms CreateObjectMapping: 0.063900 ms MarkObjects: 1.881000 ms  DeleteObjects: 0.014900 ms)

AssetImportParameters requested are different than current active one (requested -> active):
  custom:video-decoder-ogg-theora: a1e56fd34408186e4bbccfd4996cb3dc -> 
  custom:container-muxer-webm: aa71ff27fc2769a1b78a27578f13a17b -> 
  custom:container-demuxer-webm: 4f35f7cbe854078d1ac9338744f61a02 -> 
  custom:video-encoder-webm-vp8: eb34c28f22e8b96e1ab97ce403110664 -> 
  custom:audio-encoder-webm-vorbis: bf7c407c2cedff20999df2af8eb42d56 -> 
  custom:framework-win-MediaFoundation: 216162199b28c13a410421893ffa2e32 -> 
  custom:container-demuxer-ogg: 62fdf1f143b41e24485cea50d1cbac27 -> 
  custom:video-decoder-webm-vp8: 9c59270c3fd7afecdb556c50c9e8de78 -> 
  custom:audio-decoder-ogg-vorbis: bf7c407c2cedff20999df2af8eb42d56 -> 
========================================================================
Received Import Request.
  Time since last request: 47.434043 seconds.
  path: Assets/Starfield Skybox/Skybox.mat
  artifactKey: Guid(81f714daf7144784b8a2f42f1cd30927) Importer(815301076,1909f56bfc062723c751e8b465ee728b)
Start importing Assets/Starfield Skybox/Skybox.mat using Guid(81f714daf7144784b8a2f42f1cd30927) Importer(815301076,1909f56bfc062723c751e8b465ee728b)  -> (artifact id: '2f399235900e00f8592e5d1fd0ddc57b') in 0.291856 seconds 
========================================================================
Received Import Request.
  Time since last request: 100.502357 seconds.
  path: Assets/Models/8.obj
  artifactKey: Guid(85dd5e1d6a27f7342b26b3c5a5f0a2a5) Importer(815301076,1909f56bfc062723c751e8b465ee728b)
Start importing Assets/Models/8.obj using Guid(85dd5e1d6a27f7342b26b3c5a5f0a2a5) Importer(815301076,1909f56bfc062723c751e8b465ee728b)  -> (artifact id: '404c0a3b2b864781e593795e472fa04d') in 0.095563 seconds 
========================================================================
Received Import Request.
  Time since last request: 7.374217 seconds.
  path: Assets/8.mtl
  artifactKey: Guid(6cb845b2286498a4690f1e215c73405c) Importer(815301076,1909f56bfc062723c751e8b465ee728b)
Start importing Assets/8.mtl using Guid(6cb845b2286498a4690f1e215c73405c) Importer(815301076,1909f56bfc062723c751e8b465ee728b)  -> (artifact id: '0fe93eafc1556948f889136b4fe86e6c') in 0.005706 seconds 
========================================================================
Received Import Request.
  Time since last request: 25.296658 seconds.
  path: Assets/Models/Thor
  artifactKey: Guid(55e830df208a53f4ea89da7c3113fffa) Importer(815301076,1909f56bfc062723c751e8b465ee728b)
Start importing Assets/Models/Thor using Guid(55e830df208a53f4ea89da7c3113fffa) Importer(815301076,1909f56bfc062723c751e8b465ee728b)  -> (artifact id: 'fd239e25d6901605de83b30a17ee9e03') in 0.005621 seconds 
========================================================================
Received Import Request.
  Time since last request: 5.062454 seconds.
  path: Assets/Models/Thor/8.3DS
  artifactKey: Guid(2a72c67ab5a476a4490b079b3c2bcd07) Importer(815301076,1909f56bfc062723c751e8b465ee728b)
Start importing Assets/Models/Thor/8.3DS using Guid(2a72c67ab5a476a4490b079b3c2bcd07) Importer(815301076,1909f56bfc062723c751e8b465ee728b)  -> (artifact id: 'dc04c02b89f39127cad47a5e7273c9e0') in 0.072680 seconds 
========================================================================
Received Import Request.
  Time since last request: 0.000013 seconds.
  path: Assets/Models/Thor/ThorHead_Light.png
  artifactKey: Guid(e89c130010e5d4449b97b8fd0973946d) Importer(815301076,1909f56bfc062723c751e8b465ee728b)
Start importing Assets/Models/Thor/ThorHead_Light.png using Guid(e89c130010e5d4449b97b8fd0973946d) Importer(815301076,1909f56bfc062723c751e8b465ee728b)  -> (artifact id: '4732cef2aa2f003aa2a23fcdb8de24cb') in 0.016456 seconds 
========================================================================
Received Import Request.
  Time since last request: 0.000024 seconds.
  path: Assets/Models/Thor/ThorHead_Norm.png
  artifactKey: Guid(987331c7192c90b42b69cbd8b0dae791) Importer(815301076,1909f56bfc062723c751e8b465ee728b)
Start importing Assets/Models/Thor/ThorHead_Norm.png using Guid(987331c7192c90b42b69cbd8b0dae791) Importer(815301076,1909f56bfc062723c751e8b465ee728b)  -> (artifact id: '49eefe056b8c4de3fa872152e286204b') in 0.013582 seconds 
========================================================================
Received Import Request.
  Time since last request: 0.000019 seconds.
  path: Assets/Models/Thor/thorhammer_diffout.png
  artifactKey: Guid(f404c2316eae64743a5148ecf0f267d5) Importer(815301076,1909f56bfc062723c751e8b465ee728b)
Start importing Assets/Models/Thor/thorhammer_diffout.png using Guid(f404c2316eae64743a5148ecf0f267d5) Importer(815301076,1909f56bfc062723c751e8b465ee728b)  -> (artifact id: 'c67e013bccff9ec74a59e6cc10503679') in 0.013492 seconds 
========================================================================
Received Import Request.
  Time since last request: 0.000019 seconds.
  path: Assets/Models/Thor/ThorBody_Spec.png
  artifactKey: Guid(d6f9ba948c2585246b0f2a28421a7005) Importer(815301076,1909f56bfc062723c751e8b465ee728b)
Start importing Assets/Models/Thor/ThorBody_Spec.png using Guid(d6f9ba948c2585246b0f2a28421a7005) Importer(815301076,1909f56bfc062723c751e8b465ee728b)  -> (artifact id: '49458b12d68f7d818c55b77966e27a22') in 0.013060 seconds 
========================================================================
Received Import Request.
  Time since last request: 0.000023 seconds.
  path: Assets/Models/Thor/ThorHead_Spec.png
  artifactKey: Guid(c8480dfcaff11a643be877b0c156c6f6) Importer(815301076,1909f56bfc062723c751e8b465ee728b)
Start importing Assets/Models/Thor/ThorHead_Spec.png using Guid(c8480dfcaff11a643be877b0c156c6f6) Importer(815301076,1909f56bfc062723c751e8b465ee728b)  -> (artifact id: '190e1ea45a4059ef2767bac6e652310d') in 0.012842 seconds 
========================================================================
Received Import Request.
  Time since last request: 0.000024 seconds.
  path: Assets/Models/Thor/ThorHead_Diff.png
  artifactKey: Guid(dddb112bdd2002e4f8ec15e2add2c4ea) Importer(815301076,1909f56bfc062723c751e8b465ee728b)
Start importing Assets/Models/Thor/ThorHead_Diff.png using Guid(dddb112bdd2002e4f8ec15e2add2c4ea) Importer(815301076,1909f56bfc062723c751e8b465ee728b)  -> (artifact id: 'd1a7ea3d2f2c692e35137d0dab448c93') in 0.012324 seconds 
Editor requested this worker to shutdown with reason: Scaling down because of idle timeout
AssetImportWorker is now disconnected from the server
Process exiting
Exiting without the bug reporter. Application will terminate with return code 0