Using pre-set license
Built from '2021.2/staging' branch; Version is '2021.2.8f1 (d0e5f0a7b06a) revision 13690352'; Using compiler version '192829333'; Build Type 'Release'
OS: 'Windows 11  (10.0.22000) 64bit Core' Language: 'en' Physical Memory: 16198 MB
BatchMode: 1, IsHumanControllingUs: 0, StartBugReporterOnCrash: 0, Is64bit: 1, IsPro: 0

COMMAND LINE ARGUMENTS:
C:\Program Files\Unity\Hub\Editor\2021.2.8f1\Editor\Unity.exe
-adb2
-batchMode
-noUpm
-name
AssetImportWorker4
-projectPath
C:/Users/Bianca Palileo/Desktop/GE2Assignment
-logFile
Logs/AssetImportWorker4.log
-srvPort
58272
Successfully changed project path to: C:/Users/Bianca Palileo/Desktop/GE2Assignment
C:/Users/Bianca Palileo/Desktop/GE2Assignment
[UnityMemory] Configuration Parameters - Can be set up in boot.config
    "memorysetup-bucket-allocator-granularity=16"
    "memorysetup-bucket-allocator-bucket-count=8"
    "memorysetup-bucket-allocator-block-size=33554432"
    "memorysetup-bucket-allocator-block-count=8"
    "memorysetup-main-allocator-block-size=16777216"
    "memorysetup-thread-allocator-block-size=16777216"
    "memorysetup-gfx-main-allocator-block-size=16777216"
    "memorysetup-gfx-thread-allocator-block-size=16777216"
    "memorysetup-cache-allocator-block-size=4194304"
    "memorysetup-typetree-allocator-block-size=2097152"
    "memorysetup-profiler-bucket-allocator-granularity=16"
    "memorysetup-profiler-bucket-allocator-bucket-count=8"
    "memorysetup-profiler-bucket-allocator-block-size=33554432"
    "memorysetup-profiler-bucket-allocator-block-count=8"
    "memorysetup-profiler-allocator-block-size=16777216"
    "memorysetup-profiler-editor-allocator-block-size=1048576"
    "memorysetup-temp-allocator-size-main=16777216"
    "memorysetup-job-temp-allocator-block-size=2097152"
    "memorysetup-job-temp-allocator-block-size-background=1048576"
    "memorysetup-job-temp-allocator-reduction-small-platforms=262144"
    "memorysetup-temp-allocator-size-background-worker=32768"
    "memorysetup-temp-allocator-size-job-worker=262144"
    "memorysetup-temp-allocator-size-preload-manager=33554432"
    "memorysetup-temp-allocator-size-nav-mesh-worker=65536"
    "memorysetup-temp-allocator-size-audio-worker=65536"
    "memorysetup-temp-allocator-size-cloud-worker=32768"
    "memorysetup-temp-allocator-size-gi-baking-worker=262144"
    "memorysetup-temp-allocator-size-gfx=262144"
Refreshing native plugins compatible for Editor in 22.39 ms, found 2 plugins.
Preloading 0 native plugins for Editor in 0.00 ms.
Initialize engine version: 2021.2.8f1 (d0e5f0a7b06a)
[Subsystems] Discovering subsystems at path C:/Program Files/Unity/Hub/Editor/2021.2.8f1/Editor/Data/Resources/UnitySubsystems
[Subsystems] Discovering subsystems at path C:/Users/Bianca Palileo/Desktop/GE2Assignment/Assets
GfxDevice: creating device client; threaded=0; jobified=0
Direct3D:
    Version:  Direct3D 11.0 [level 11.1]
    Renderer: NVIDIA GeForce RTX 2070 (ID=0x1f14)
    Vendor:   NVIDIA
    VRAM:     8031 MB
    Driver:   30.0.15.1165
Initialize mono
Mono path[0] = 'C:/Program Files/Unity/Hub/Editor/2021.2.8f1/Editor/Data/Managed'
Mono path[1] = 'C:/Program Files/Unity/Hub/Editor/2021.2.8f1/Editor/Data/MonoBleedingEdge/lib/mono/unityjit-win32'
Mono config path = 'C:/Program Files/Unity/Hub/Editor/2021.2.8f1/Editor/Data/MonoBleedingEdge/etc'
Using monoOptions --debugger-agent=transport=dt_socket,embedding=1,server=y,suspend=n,address=127.0.0.1:56084
Begin MonoManager ReloadAssembly
Registering precompiled unity dll's ...
Register platform support module: C:/Program Files/Unity/Hub/Editor/2021.2.8f1/Editor/Data/PlaybackEngines/WindowsStandaloneSupport/UnityEditor.WindowsStandalone.Extensions.dll
Registered in 0.003638 seconds.
Native extension for WindowsStandalone target not found
Refreshing native plugins compatible for Editor in 21.23 ms, found 2 plugins.
Preloading 0 native plugins for Editor in 0.00 ms.
Mono: successfully reloaded assembly
- Completed reload, in  0.481 seconds
Domain Reload Profiling:
	ReloadAssembly (481ms)
		BeginReloadAssembly (60ms)
			ExecutionOrderSort (0ms)
			DisableScriptedObjects (0ms)
			BackupInstance (0ms)
			ReleaseScriptingObjects (0ms)
			CreateAndSetChildDomain (1ms)
		EndReloadAssembly (354ms)
			LoadAssemblies (58ms)
			RebuildTransferFunctionScriptingTraits (0ms)
			SetupTypeCache (93ms)
			ReleaseScriptCaches (0ms)
			RebuildScriptCaches (24ms)
			SetupLoadedEditorAssemblies (194ms)
				LogAssemblyErrors (0ms)
				InitializePlatformSupportModulesInManaged (13ms)
				SetLoadedEditorAssemblies (0ms)
				RefreshPlugins (21ms)
				BeforeProcessingInitializeOnLoad (1ms)
				ProcessInitializeOnLoadAttributes (122ms)
				ProcessInitializeOnLoadMethodAttributes (37ms)
				AfterProcessingInitializeOnLoad (0ms)
				EditorAssembliesLoaded (0ms)
			ExecutionOrderSort2 (0ms)
			AwakeInstancesAfterBackupRestoration (0ms)
Platform modules already initialized, skipping
Registering precompiled user dll's ...
Registered in 0.002587 seconds.
Begin MonoManager ReloadAssembly
Native extension for WindowsStandalone target not found
Refreshing native plugins compatible for Editor in 0.32 ms, found 2 plugins.
Preloading 0 native plugins for Editor in 0.00 ms.
Mono: successfully reloaded assembly
- Completed reload, in  0.792 seconds
Domain Reload Profiling:
	ReloadAssembly (792ms)
		BeginReloadAssembly (86ms)
			ExecutionOrderSort (0ms)
			DisableScriptedObjects (5ms)
			BackupInstance (0ms)
			ReleaseScriptingObjects (0ms)
			CreateAndSetChildDomain (17ms)
		EndReloadAssembly (615ms)
			LoadAssemblies (50ms)
			RebuildTransferFunctionScriptingTraits (0ms)
			SetupTypeCache (201ms)
			ReleaseScriptCaches (0ms)
			RebuildScriptCaches (45ms)
			SetupLoadedEditorAssemblies (277ms)
				LogAssemblyErrors (0ms)
				InitializePlatformSupportModulesInManaged (11ms)
				SetLoadedEditorAssemblies (1ms)
				RefreshPlugins (0ms)
				BeforeProcessingInitializeOnLoad (42ms)
				ProcessInitializeOnLoadAttributes (197ms)
				ProcessInitializeOnLoadMethodAttributes (21ms)
				AfterProcessingInitializeOnLoad (5ms)
				EditorAssembliesLoaded (0ms)
			ExecutionOrderSort2 (0ms)
			AwakeInstancesAfterBackupRestoration (5ms)
Platform modules already initialized, skipping
========================================================================
Worker process is ready to serve import requests
Launched and connected shader compiler UnityShaderCompiler.exe after 0.06 seconds
Refreshing native plugins compatible for Editor in 0.54 ms, found 2 plugins.
Preloading 0 native plugins for Editor in 0.00 ms.
Unloading 1525 Unused Serialized files (Serialized files now loaded: 0)
Unloading 19 unused Assets / (47.8 KB). Loaded Objects now: 2006.
Memory consumption went from 80.7 MB to 80.7 MB.
Total: 2.278000 ms (FindLiveObjects: 0.137800 ms CreateObjectMapping: 0.061200 ms MarkObjects: 2.004700 ms  DeleteObjects: 0.073200 ms)

AssetImportParameters requested are different than current active one (requested -> active):
  custom:video-decoder-ogg-theora: a1e56fd34408186e4bbccfd4996cb3dc -> 
  custom:container-muxer-webm: aa71ff27fc2769a1b78a27578f13a17b -> 
  custom:container-demuxer-webm: 4f35f7cbe854078d1ac9338744f61a02 -> 
  custom:video-encoder-webm-vp8: eb34c28f22e8b96e1ab97ce403110664 -> 
  custom:audio-encoder-webm-vorbis: bf7c407c2cedff20999df2af8eb42d56 -> 
  custom:framework-win-MediaFoundation: 216162199b28c13a410421893ffa2e32 -> 
  custom:container-demuxer-ogg: 62fdf1f143b41e24485cea50d1cbac27 -> 
  custom:video-decoder-webm-vp8: 9c59270c3fd7afecdb556c50c9e8de78 -> 
  custom:audio-decoder-ogg-vorbis: bf7c407c2cedff20999df2af8eb42d56 -> 
========================================================================
Received Import Request.
  Time since last request: 1395596.079487 seconds.
  path: Assets/Models/Starlord/Body_Shader_albedo.jpeg
  artifactKey: Guid(af19a2896d0044748b10a95cc49d069e) Importer(815301076,1909f56bfc062723c751e8b465ee728b)
Start importing Assets/Models/Starlord/Body_Shader_albedo.jpeg using Guid(af19a2896d0044748b10a95cc49d069e) Importer(815301076,1909f56bfc062723c751e8b465ee728b)  -> (artifact id: 'f45226d1cb7a669d4c13394157f474fd') in 0.080685 seconds 
========================================================================
Received Import Request.
  Time since last request: 0.470158 seconds.
  path: Assets/Models/Starlord/Body_Shader_emissive.jpeg
  artifactKey: Guid(344fa722537eaaf4da2b79481fab4b18) Importer(815301076,1909f56bfc062723c751e8b465ee728b)
Start importing Assets/Models/Starlord/Body_Shader_emissive.jpeg using Guid(344fa722537eaaf4da2b79481fab4b18) Importer(815301076,1909f56bfc062723c751e8b465ee728b)  -> (artifact id: '6d17ab4ee4ee2547d5ba63a9a6a5c993') in 0.015161 seconds 
========================================================================
Received Import Request.
  Time since last request: 0.000037 seconds.
  path: Assets/Models/Starlord/Misc_Shader_emissive.jpeg
  artifactKey: Guid(bbeb6860f5901c9408104c120f2bd898) Importer(815301076,1909f56bfc062723c751e8b465ee728b)
Start importing Assets/Models/Starlord/Misc_Shader_emissive.jpeg using Guid(bbeb6860f5901c9408104c120f2bd898) Importer(815301076,1909f56bfc062723c751e8b465ee728b)  -> (artifact id: '8d12cbcda15b517811b8a4ebc4f7663d') in 0.009567 seconds 
========================================================================
Received Import Request.
  Time since last request: 0.000022 seconds.
  path: Assets/Models/Starlord/Face_Shader_metallic.jpeg
  artifactKey: Guid(f999fbf7e6905d347aa6b17d422ac560) Importer(815301076,1909f56bfc062723c751e8b465ee728b)
Start importing Assets/Models/Starlord/Face_Shader_metallic.jpeg using Guid(f999fbf7e6905d347aa6b17d422ac560) Importer(815301076,1909f56bfc062723c751e8b465ee728b)  -> (artifact id: '782bf857515eb8a0502e1aea2fddb655') in 0.015940 seconds 
========================================================================
Received Import Request.
  Time since last request: 0.000025 seconds.
  path: Assets/Models/Starlord/Face_Shader_normal.png
  artifactKey: Guid(6f72b28eb6d7fd74c85ce8f6e3d38bc2) Importer(815301076,1909f56bfc062723c751e8b465ee728b)
Start importing Assets/Models/Starlord/Face_Shader_normal.png using Guid(6f72b28eb6d7fd74c85ce8f6e3d38bc2) Importer(815301076,1909f56bfc062723c751e8b465ee728b)  -> (artifact id: '85a4b47bdfdb8ba65f393c871cf35a37') in 0.012475 seconds 
========================================================================
Received Import Request.
  Time since last request: 0.000021 seconds.
  path: Assets/Models/Starlord/Jacket_Shader_AO.jpeg
  artifactKey: Guid(701e0073d095dbe4b92186e7dc347b47) Importer(815301076,1909f56bfc062723c751e8b465ee728b)
Start importing Assets/Models/Starlord/Jacket_Shader_AO.jpeg using Guid(701e0073d095dbe4b92186e7dc347b47) Importer(815301076,1909f56bfc062723c751e8b465ee728b)  -> (artifact id: '475419422f4e3706c1c228b76787ee3f') in 0.021373 seconds 
========================================================================
Received Import Request.
  Time since last request: 0.000036 seconds.
  path: Assets/Models/Starlord/Face_Shader_albedo.jpeg
  artifactKey: Guid(1dc7b10de6aa812428603f6e83f3f14d) Importer(815301076,1909f56bfc062723c751e8b465ee728b)
Start importing Assets/Models/Starlord/Face_Shader_albedo.jpeg using Guid(1dc7b10de6aa812428603f6e83f3f14d) Importer(815301076,1909f56bfc062723c751e8b465ee728b)  -> (artifact id: 'e2999624ad091a5f2a41fa1b5c66dc78') in 0.013614 seconds 
========================================================================
Received Import Request.
  Time since last request: 0.000017 seconds.
  path: Assets/Models/Starlord/Body_Shader_roughness.jpeg
  artifactKey: Guid(5447de66fecdd9042a455b53aab4b264) Importer(815301076,1909f56bfc062723c751e8b465ee728b)
Start importing Assets/Models/Starlord/Body_Shader_roughness.jpeg using Guid(5447de66fecdd9042a455b53aab4b264) Importer(815301076,1909f56bfc062723c751e8b465ee728b)  -> (artifact id: '27f00adc01fc610ddf27db2fc80eb33f') in 0.016520 seconds 
========================================================================
Received Import Request.
  Time since last request: 0.000022 seconds.
  path: Assets/Models/Starlord/Jacket_Shader_opacity.jpeg
  artifactKey: Guid(f0965ca616dfb2a43b94879df1e0ab62) Importer(815301076,1909f56bfc062723c751e8b465ee728b)
Start importing Assets/Models/Starlord/Jacket_Shader_opacity.jpeg using Guid(f0965ca616dfb2a43b94879df1e0ab62) Importer(815301076,1909f56bfc062723c751e8b465ee728b)  -> (artifact id: '5dc025e2038b46235a4f82c645a3ddfd') in 0.009335 seconds 
========================================================================
Received Import Request.
  Time since last request: 0.000014 seconds.
  path: Assets/Models/Starlord/Misc_Shader_normal.png
  artifactKey: Guid(97e8070f32e97d24497ace5128c14829) Importer(815301076,1909f56bfc062723c751e8b465ee728b)
Start importing Assets/Models/Starlord/Misc_Shader_normal.png using Guid(97e8070f32e97d24497ace5128c14829) Importer(815301076,1909f56bfc062723c751e8b465ee728b)  -> (artifact id: '799635082e6928eb026c2ac2b1b2b1e7') in 0.016815 seconds 
========================================================================
Received Import Request.
  Time since last request: 0.000029 seconds.
  path: Assets/Models/Starlord/Face_Shader_AO.jpeg
  artifactKey: Guid(d996df55d5998a94b91ba9618be85497) Importer(815301076,1909f56bfc062723c751e8b465ee728b)
Start importing Assets/Models/Starlord/Face_Shader_AO.jpeg using Guid(d996df55d5998a94b91ba9618be85497) Importer(815301076,1909f56bfc062723c751e8b465ee728b)  -> (artifact id: '90e8fe790b3aee04a25ce0536d6431a4') in 0.012096 seconds 
========================================================================
Received Import Request.
  Time since last request: 0.000023 seconds.
  path: Assets/Models/Starlord/Jacket_Shader_roughness.jpeg
  artifactKey: Guid(2a5afcc061be44a4480a7829c20c7f81) Importer(815301076,1909f56bfc062723c751e8b465ee728b)
Start importing Assets/Models/Starlord/Jacket_Shader_roughness.jpeg using Guid(2a5afcc061be44a4480a7829c20c7f81) Importer(815301076,1909f56bfc062723c751e8b465ee728b)  -> (artifact id: '46145b12c5dd7a0fe43139b511f114e0') in 0.014904 seconds 
========================================================================
Received Import Request.
  Time since last request: 0.000015 seconds.
  path: Assets/Models/Starlord/Body_Shader_metallic.jpeg
  artifactKey: Guid(18992e1c7acb7b0419c403c6e4846649) Importer(815301076,1909f56bfc062723c751e8b465ee728b)
Start importing Assets/Models/Starlord/Body_Shader_metallic.jpeg using Guid(18992e1c7acb7b0419c403c6e4846649) Importer(815301076,1909f56bfc062723c751e8b465ee728b)  -> (artifact id: '7ea1a4a7f6e56e34d5b83bc091a8db32') in 0.010468 seconds 
========================================================================
Received Import Request.
  Time since last request: 0.000061 seconds.
  path: Assets/Models/Starlord/Face_Shader_opacity.jpeg
  artifactKey: Guid(dcd34caee5b07b34782a5990ae5a93cc) Importer(815301076,1909f56bfc062723c751e8b465ee728b)
Start importing Assets/Models/Starlord/Face_Shader_opacity.jpeg using Guid(dcd34caee5b07b34782a5990ae5a93cc) Importer(815301076,1909f56bfc062723c751e8b465ee728b)  -> (artifact id: '8e47273782df1a5363fe8438e069f141') in 0.013747 seconds 
========================================================================
Received Import Request.
  Time since last request: 0.000015 seconds.
  path: Assets/Models/Starlord/Face_Shader_roughness.jpeg
  artifactKey: Guid(134cc6ac87275a240b90fc9367e74bff) Importer(815301076,1909f56bfc062723c751e8b465ee728b)
Start importing Assets/Models/Starlord/Face_Shader_roughness.jpeg using Guid(134cc6ac87275a240b90fc9367e74bff) Importer(815301076,1909f56bfc062723c751e8b465ee728b)  -> (artifact id: 'fd258b5bef53ead62475dc5c1e2845f0') in 0.012813 seconds 
Editor requested this worker to shutdown with reason: Scaling down because of idle timeout
AssetImportWorker is now disconnected from the server
Process exiting
Exiting without the bug reporter. Application will terminate with return code 0